{"/home/rezanasu/hacktiv8/Kelola-Kosan-Server/app.js": {"path":"/home/rezanasu/hacktiv8/Kelola-Kosan-Server/app.js","statementMap":{"0":{"start":{"line":1,"column":0},"end":{"line":3,"column":1}},"1":{"start":{"line":2,"column":2},"end":{"line":2,"column":28}},"2":{"start":{"line":5,"column":16},"end":{"line":5,"column":34}},"3":{"start":{"line":6,"column":12},"end":{"line":6,"column":21}},"4":{"start":{"line":7,"column":13},"end":{"line":7,"column":28}},"5":{"start":{"line":8,"column":15},"end":{"line":8,"column":40}},"6":{"start":{"line":9,"column":13},"end":{"line":9,"column":37}},"7":{"start":{"line":10,"column":21},"end":{"line":10,"column":61}},"8":{"start":{"line":12,"column":0},"end":{"line":12,"column":15}},"9":{"start":{"line":14,"column":0},"end":{"line":14,"column":45}},"10":{"start":{"line":16,"column":0},"end":{"line":16,"column":23}},"11":{"start":{"line":18,"column":0},"end":{"line":18,"column":15}},"12":{"start":{"line":20,"column":0},"end":{"line":20,"column":21}},"13":{"start":{"line":22,"column":0},"end":{"line":22,"column":21}}},"fnMap":{},"branchMap":{"0":{"loc":{"start":{"line":1,"column":0},"end":{"line":3,"column":1}},"type":"if","locations":[{"start":{"line":1,"column":0},"end":{"line":3,"column":1}},{"start":{"line":1,"column":0},"end":{"line":3,"column":1}}],"line":1},"1":{"loc":{"start":{"line":9,"column":13},"end":{"line":9,"column":37}},"type":"binary-expr","locations":[{"start":{"line":9,"column":13},"end":{"line":9,"column":29}},{"start":{"line":9,"column":33},"end":{"line":9,"column":37}}],"line":9}},"s":{"0":1,"1":1,"2":1,"3":1,"4":1,"5":1,"6":1,"7":1,"8":1,"9":1,"10":1,"11":1,"12":1,"13":1},"f":{},"b":{"0":[1,0],"1":[1,1]},"_coverageSchema":"1a1c01bbd47fc00a2c39e90264f33305004495a9","hash":"2e70fdcb907fcd15f4b37542ab8a0f0c94f344e0"}
,"/home/rezanasu/hacktiv8/Kelola-Kosan-Server/controllers/expenseController.js": {"path":"/home/rezanasu/hacktiv8/Kelola-Kosan-Server/controllers/expenseController.js","statementMap":{"0":{"start":{"line":1,"column":18},"end":{"line":1,"column":38}},"1":{"start":{"line":7,"column":0},"end":{"line":7,"column":35}}},"fnMap":{},"branchMap":{},"s":{"0":1,"1":1},"f":{},"b":{},"_coverageSchema":"1a1c01bbd47fc00a2c39e90264f33305004495a9","hash":"c216a28bc6ad91989abda560884a71856bbcb46d"}
,"/home/rezanasu/hacktiv8/Kelola-Kosan-Server/controllers/paymentController.js": {"path":"/home/rezanasu/hacktiv8/Kelola-Kosan-Server/controllers/paymentController.js","statementMap":{"0":{"start":{"line":1,"column":32},"end":{"line":1,"column":52}},"1":{"start":{"line":6,"column":51},"end":{"line":6,"column":59}},"2":{"start":{"line":7,"column":33},"end":{"line":7,"column":43}},"3":{"start":{"line":9,"column":8},"end":{"line":23,"column":10}},"4":{"start":{"line":18,"column":12},"end":{"line":18,"column":39}},"5":{"start":{"line":21,"column":12},"end":{"line":21,"column":29}},"6":{"start":{"line":22,"column":12},"end":{"line":22,"column":22}},"7":{"start":{"line":28,"column":8},"end":{"line":43,"column":10}},"8":{"start":{"line":39,"column":12},"end":{"line":39,"column":39}},"9":{"start":{"line":42,"column":12},"end":{"line":42,"column":22}},"10":{"start":{"line":47,"column":17},"end":{"line":47,"column":30}},"11":{"start":{"line":49,"column":8},"end":{"line":67,"column":10}},"12":{"start":{"line":56,"column":12},"end":{"line":62,"column":13}},"13":{"start":{"line":57,"column":16},"end":{"line":57,"column":48}},"14":{"start":{"line":59,"column":16},"end":{"line":61,"column":18}},"15":{"start":{"line":65,"column":12},"end":{"line":65,"column":29}},"16":{"start":{"line":66,"column":12},"end":{"line":66,"column":22}},"17":{"start":{"line":71,"column":17},"end":{"line":71,"column":30}},"18":{"start":{"line":73,"column":8},"end":{"line":85,"column":14}},"19":{"start":{"line":75,"column":16},"end":{"line":75,"column":63}},"20":{"start":{"line":76,"column":16},"end":{"line":80,"column":17}},"21":{"start":{"line":77,"column":20},"end":{"line":77,"column":51}},"22":{"start":{"line":79,"column":20},"end":{"line":79,"column":47}},"23":{"start":{"line":83,"column":16},"end":{"line":83,"column":33}},"24":{"start":{"line":84,"column":16},"end":{"line":84,"column":26}},"25":{"start":{"line":89,"column":0},"end":{"line":89,"column":35}}},"fnMap":{"0":{"name":"(anonymous_0)","decl":{"start":{"line":5,"column":4},"end":{"line":5,"column":5}},"loc":{"start":{"line":5,"column":41},"end":{"line":24,"column":5}},"line":5},"1":{"name":"(anonymous_1)","decl":{"start":{"line":17,"column":14},"end":{"line":17,"column":15}},"loc":{"start":{"line":17,"column":22},"end":{"line":19,"column":9}},"line":17},"2":{"name":"(anonymous_2)","decl":{"start":{"line":20,"column":15},"end":{"line":20,"column":16}},"loc":{"start":{"line":20,"column":22},"end":{"line":23,"column":9}},"line":20},"3":{"name":"(anonymous_3)","decl":{"start":{"line":26,"column":4},"end":{"line":26,"column":5}},"loc":{"start":{"line":26,"column":40},"end":{"line":44,"column":5}},"line":26},"4":{"name":"(anonymous_4)","decl":{"start":{"line":38,"column":14},"end":{"line":38,"column":15}},"loc":{"start":{"line":38,"column":22},"end":{"line":40,"column":9}},"line":38},"5":{"name":"(anonymous_5)","decl":{"start":{"line":41,"column":15},"end":{"line":41,"column":16}},"loc":{"start":{"line":41,"column":22},"end":{"line":43,"column":9}},"line":41},"6":{"name":"(anonymous_6)","decl":{"start":{"line":46,"column":4},"end":{"line":46,"column":5}},"loc":{"start":{"line":46,"column":41},"end":{"line":68,"column":5}},"line":46},"7":{"name":"(anonymous_7)","decl":{"start":{"line":54,"column":14},"end":{"line":54,"column":15}},"loc":{"start":{"line":54,"column":22},"end":{"line":63,"column":9}},"line":54},"8":{"name":"(anonymous_8)","decl":{"start":{"line":64,"column":15},"end":{"line":64,"column":16}},"loc":{"start":{"line":64,"column":22},"end":{"line":67,"column":9}},"line":64},"9":{"name":"(anonymous_9)","decl":{"start":{"line":70,"column":4},"end":{"line":70,"column":5}},"loc":{"start":{"line":70,"column":43},"end":{"line":86,"column":5}},"line":70},"10":{"name":"(anonymous_10)","decl":{"start":{"line":74,"column":18},"end":{"line":74,"column":19}},"loc":{"start":{"line":74,"column":26},"end":{"line":81,"column":13}},"line":74},"11":{"name":"(anonymous_11)","decl":{"start":{"line":82,"column":19},"end":{"line":82,"column":20}},"loc":{"start":{"line":82,"column":26},"end":{"line":85,"column":13}},"line":82}},"branchMap":{"0":{"loc":{"start":{"line":56,"column":12},"end":{"line":62,"column":13}},"type":"if","locations":[{"start":{"line":56,"column":12},"end":{"line":62,"column":13}},{"start":{"line":56,"column":12},"end":{"line":62,"column":13}}],"line":56},"1":{"loc":{"start":{"line":76,"column":16},"end":{"line":80,"column":17}},"type":"if","locations":[{"start":{"line":76,"column":16},"end":{"line":80,"column":17}},{"start":{"line":76,"column":16},"end":{"line":80,"column":17}}],"line":76}},"s":{"0":1,"1":2,"2":2,"3":2,"4":1,"5":1,"6":1,"7":1,"8":1,"9":0,"10":2,"11":2,"12":2,"13":1,"14":1,"15":0,"16":0,"17":2,"18":2,"19":2,"20":2,"21":1,"22":1,"23":0,"24":0,"25":1},"f":{"0":2,"1":1,"2":1,"3":1,"4":1,"5":0,"6":2,"7":2,"8":0,"9":2,"10":2,"11":0},"b":{"0":[1,1],"1":[1,1]},"_coverageSchema":"1a1c01bbd47fc00a2c39e90264f33305004495a9","hash":"51fd7e80ce433e222c79049799914fb888cfdf73"}
,"/home/rezanasu/hacktiv8/Kelola-Kosan-Server/controllers/propertyController.js": {"path":"/home/rezanasu/hacktiv8/Kelola-Kosan-Server/controllers/propertyController.js","statementMap":{"0":{"start":{"line":1,"column":21},"end":{"line":1,"column":41}},"1":{"start":{"line":5,"column":18},"end":{"line":28,"column":3}},"2":{"start":{"line":7,"column":24},"end":{"line":13,"column":5}},"3":{"start":{"line":15,"column":4},"end":{"line":27,"column":30}},"4":{"start":{"line":18,"column":8},"end":{"line":25,"column":10}},"5":{"start":{"line":27,"column":20},"end":{"line":27,"column":29}},"6":{"start":{"line":30,"column":19},"end":{"line":37,"column":3}},"7":{"start":{"line":31,"column":4},"end":{"line":36,"column":30}},"8":{"start":{"line":34,"column":8},"end":{"line":34,"column":40}},"9":{"start":{"line":36,"column":20},"end":{"line":36,"column":29}},"10":{"start":{"line":39,"column":18},"end":{"line":53,"column":3}},"11":{"start":{"line":40,"column":15},"end":{"line":40,"column":28}},"12":{"start":{"line":42,"column":23},"end":{"line":47,"column":5}},"13":{"start":{"line":49,"column":4},"end":{"line":52,"column":30}},"14":{"start":{"line":51,"column":23},"end":{"line":51,"column":56}},"15":{"start":{"line":52,"column":20},"end":{"line":52,"column":29}},"16":{"start":{"line":55,"column":18},"end":{"line":65,"column":3}},"17":{"start":{"line":56,"column":15},"end":{"line":56,"column":29}},"18":{"start":{"line":58,"column":4},"end":{"line":64,"column":30}},"19":{"start":{"line":61,"column":8},"end":{"line":62,"column":64}},"20":{"start":{"line":61,"column":20},"end":{"line":61,"column":82}},"21":{"start":{"line":62,"column":13},"end":{"line":62,"column":64}},"22":{"start":{"line":64,"column":20},"end":{"line":64,"column":29}},"23":{"start":{"line":69,"column":0},"end":{"line":69,"column":35}}},"fnMap":{"0":{"name":"(anonymous_0)","decl":{"start":{"line":5,"column":18},"end":{"line":5,"column":19}},"loc":{"start":{"line":5,"column":38},"end":{"line":28,"column":3}},"line":5},"1":{"name":"(anonymous_1)","decl":{"start":{"line":17,"column":12},"end":{"line":17,"column":13}},"loc":{"start":{"line":17,"column":20},"end":{"line":26,"column":7}},"line":17},"2":{"name":"(anonymous_2)","decl":{"start":{"line":27,"column":13},"end":{"line":27,"column":14}},"loc":{"start":{"line":27,"column":20},"end":{"line":27,"column":29}},"line":27},"3":{"name":"(anonymous_3)","decl":{"start":{"line":30,"column":19},"end":{"line":30,"column":20}},"loc":{"start":{"line":30,"column":39},"end":{"line":37,"column":3}},"line":30},"4":{"name":"(anonymous_4)","decl":{"start":{"line":33,"column":12},"end":{"line":33,"column":13}},"loc":{"start":{"line":33,"column":26},"end":{"line":35,"column":7}},"line":33},"5":{"name":"(anonymous_5)","decl":{"start":{"line":36,"column":13},"end":{"line":36,"column":14}},"loc":{"start":{"line":36,"column":20},"end":{"line":36,"column":29}},"line":36},"6":{"name":"(anonymous_6)","decl":{"start":{"line":39,"column":18},"end":{"line":39,"column":19}},"loc":{"start":{"line":39,"column":38},"end":{"line":53,"column":3}},"line":39},"7":{"name":"(anonymous_7)","decl":{"start":{"line":51,"column":12},"end":{"line":51,"column":13}},"loc":{"start":{"line":51,"column":23},"end":{"line":51,"column":56}},"line":51},"8":{"name":"(anonymous_8)","decl":{"start":{"line":52,"column":13},"end":{"line":52,"column":14}},"loc":{"start":{"line":52,"column":20},"end":{"line":52,"column":29}},"line":52},"9":{"name":"(anonymous_9)","decl":{"start":{"line":55,"column":18},"end":{"line":55,"column":19}},"loc":{"start":{"line":55,"column":38},"end":{"line":65,"column":3}},"line":55},"10":{"name":"(anonymous_10)","decl":{"start":{"line":60,"column":12},"end":{"line":60,"column":13}},"loc":{"start":{"line":60,"column":23},"end":{"line":63,"column":7}},"line":60},"11":{"name":"(anonymous_11)","decl":{"start":{"line":64,"column":13},"end":{"line":64,"column":14}},"loc":{"start":{"line":64,"column":20},"end":{"line":64,"column":29}},"line":64}},"branchMap":{"0":{"loc":{"start":{"line":61,"column":8},"end":{"line":62,"column":64}},"type":"if","locations":[{"start":{"line":61,"column":8},"end":{"line":62,"column":64}},{"start":{"line":61,"column":8},"end":{"line":62,"column":64}}],"line":61}},"s":{"0":1,"1":1,"2":0,"3":0,"4":0,"5":0,"6":1,"7":0,"8":0,"9":0,"10":1,"11":0,"12":0,"13":0,"14":0,"15":0,"16":1,"17":0,"18":0,"19":0,"20":0,"21":0,"22":0,"23":1},"f":{"0":0,"1":0,"2":0,"3":0,"4":0,"5":0,"6":0,"7":0,"8":0,"9":0,"10":0,"11":0},"b":{"0":[0,0]},"_coverageSchema":"1a1c01bbd47fc00a2c39e90264f33305004495a9","hash":"797e689c52991d0445e7959fb074caec89020404"}
,"/home/rezanasu/hacktiv8/Kelola-Kosan-Server/controllers/roomController.js": {"path":"/home/rezanasu/hacktiv8/Kelola-Kosan-Server/controllers/roomController.js","statementMap":{"0":{"start":{"line":1,"column":21},"end":{"line":1,"column":41}},"1":{"start":{"line":6,"column":8},"end":{"line":13,"column":14}},"2":{"start":{"line":8,"column":16},"end":{"line":8,"column":43}},"3":{"start":{"line":11,"column":16},"end":{"line":11,"column":32}},"4":{"start":{"line":12,"column":16},"end":{"line":12,"column":56}},"5":{"start":{"line":26,"column":44},"end":{"line":26,"column":52}},"6":{"start":{"line":27,"column":26},"end":{"line":27,"column":40}},"7":{"start":{"line":28,"column":28},"end":{"line":28,"column":53}},"8":{"start":{"line":29,"column":8},"end":{"line":48,"column":10}},"9":{"start":{"line":37,"column":12},"end":{"line":43,"column":14}},"10":{"start":{"line":46,"column":12},"end":{"line":46,"column":28}},"11":{"start":{"line":47,"column":12},"end":{"line":47,"column":22}},"12":{"start":{"line":52,"column":17},"end":{"line":52,"column":30}},"13":{"start":{"line":53,"column":8},"end":{"line":53,"column":37}},"14":{"start":{"line":54,"column":8},"end":{"line":64,"column":10}},"15":{"start":{"line":56,"column":12},"end":{"line":60,"column":13}},"16":{"start":{"line":57,"column":16},"end":{"line":57,"column":44}},"17":{"start":{"line":59,"column":16},"end":{"line":59,"column":43}},"18":{"start":{"line":63,"column":12},"end":{"line":63,"column":22}},"19":{"start":{"line":68,"column":17},"end":{"line":68,"column":30}},"20":{"start":{"line":69,"column":23},"end":{"line":69,"column":31}},"21":{"start":{"line":70,"column":8},"end":{"line":89,"column":10}},"22":{"start":{"line":78,"column":12},"end":{"line":78,"column":57}},"23":{"start":{"line":79,"column":12},"end":{"line":85,"column":13}},"24":{"start":{"line":80,"column":16},"end":{"line":80,"column":44}},"25":{"start":{"line":82,"column":16},"end":{"line":84,"column":19}},"26":{"start":{"line":88,"column":12},"end":{"line":88,"column":22}},"27":{"start":{"line":93,"column":17},"end":{"line":93,"column":30}},"28":{"start":{"line":94,"column":44},"end":{"line":94,"column":52}},"29":{"start":{"line":96,"column":8},"end":{"line":117,"column":10}},"30":{"start":{"line":107,"column":12},"end":{"line":113,"column":13}},"31":{"start":{"line":108,"column":16},"end":{"line":108,"column":44}},"32":{"start":{"line":110,"column":16},"end":{"line":112,"column":19}},"33":{"start":{"line":116,"column":12},"end":{"line":116,"column":21}},"34":{"start":{"line":121,"column":17},"end":{"line":121,"column":30}},"35":{"start":{"line":123,"column":8},"end":{"line":140,"column":10}},"36":{"start":{"line":129,"column":12},"end":{"line":135,"column":13}},"37":{"start":{"line":130,"column":16},"end":{"line":130,"column":44}},"38":{"start":{"line":132,"column":16},"end":{"line":134,"column":18}},"39":{"start":{"line":138,"column":12},"end":{"line":138,"column":29}},"40":{"start":{"line":139,"column":12},"end":{"line":139,"column":22}},"41":{"start":{"line":144,"column":0},"end":{"line":144,"column":32}}},"fnMap":{"0":{"name":"(anonymous_0)","decl":{"start":{"line":5,"column":4},"end":{"line":5,"column":5}},"loc":{"start":{"line":5,"column":37},"end":{"line":14,"column":5}},"line":5},"1":{"name":"(anonymous_1)","decl":{"start":{"line":7,"column":18},"end":{"line":7,"column":19}},"loc":{"start":{"line":7,"column":26},"end":{"line":9,"column":13}},"line":7},"2":{"name":"(anonymous_2)","decl":{"start":{"line":10,"column":19},"end":{"line":10,"column":20}},"loc":{"start":{"line":10,"column":26},"end":{"line":13,"column":13}},"line":10},"3":{"name":"(anonymous_3)","decl":{"start":{"line":25,"column":4},"end":{"line":25,"column":5}},"loc":{"start":{"line":25,"column":35},"end":{"line":49,"column":5}},"line":25},"4":{"name":"(anonymous_4)","decl":{"start":{"line":36,"column":14},"end":{"line":36,"column":15}},"loc":{"start":{"line":36,"column":22},"end":{"line":44,"column":9}},"line":36},"5":{"name":"(anonymous_5)","decl":{"start":{"line":45,"column":15},"end":{"line":45,"column":16}},"loc":{"start":{"line":45,"column":22},"end":{"line":48,"column":9}},"line":45},"6":{"name":"(anonymous_6)","decl":{"start":{"line":51,"column":4},"end":{"line":51,"column":5}},"loc":{"start":{"line":51,"column":39},"end":{"line":65,"column":5}},"line":51},"7":{"name":"(anonymous_7)","decl":{"start":{"line":55,"column":14},"end":{"line":55,"column":15}},"loc":{"start":{"line":55,"column":22},"end":{"line":61,"column":9}},"line":55},"8":{"name":"(anonymous_8)","decl":{"start":{"line":62,"column":15},"end":{"line":62,"column":16}},"loc":{"start":{"line":62,"column":22},"end":{"line":64,"column":9}},"line":62},"9":{"name":"(anonymous_9)","decl":{"start":{"line":67,"column":4},"end":{"line":67,"column":5}},"loc":{"start":{"line":67,"column":40},"end":{"line":90,"column":5}},"line":67},"10":{"name":"(anonymous_10)","decl":{"start":{"line":77,"column":14},"end":{"line":77,"column":15}},"loc":{"start":{"line":77,"column":22},"end":{"line":86,"column":9}},"line":77},"11":{"name":"(anonymous_11)","decl":{"start":{"line":87,"column":15},"end":{"line":87,"column":16}},"loc":{"start":{"line":87,"column":22},"end":{"line":89,"column":9}},"line":87},"12":{"name":"(anonymous_12)","decl":{"start":{"line":92,"column":4},"end":{"line":92,"column":5}},"loc":{"start":{"line":92,"column":38},"end":{"line":118,"column":5}},"line":92},"13":{"name":"(anonymous_13)","decl":{"start":{"line":105,"column":16},"end":{"line":105,"column":17}},"loc":{"start":{"line":105,"column":24},"end":{"line":114,"column":9}},"line":105},"14":{"name":"(anonymous_14)","decl":{"start":{"line":115,"column":15},"end":{"line":115,"column":16}},"loc":{"start":{"line":115,"column":22},"end":{"line":117,"column":9}},"line":115},"15":{"name":"(anonymous_15)","decl":{"start":{"line":120,"column":4},"end":{"line":120,"column":5}},"loc":{"start":{"line":120,"column":38},"end":{"line":141,"column":5}},"line":120},"16":{"name":"(anonymous_16)","decl":{"start":{"line":128,"column":14},"end":{"line":128,"column":15}},"loc":{"start":{"line":128,"column":22},"end":{"line":136,"column":9}},"line":128},"17":{"name":"(anonymous_17)","decl":{"start":{"line":137,"column":15},"end":{"line":137,"column":16}},"loc":{"start":{"line":137,"column":22},"end":{"line":140,"column":9}},"line":137}},"branchMap":{"0":{"loc":{"start":{"line":56,"column":12},"end":{"line":60,"column":13}},"type":"if","locations":[{"start":{"line":56,"column":12},"end":{"line":60,"column":13}},{"start":{"line":56,"column":12},"end":{"line":60,"column":13}}],"line":56},"1":{"loc":{"start":{"line":79,"column":12},"end":{"line":85,"column":13}},"type":"if","locations":[{"start":{"line":79,"column":12},"end":{"line":85,"column":13}},{"start":{"line":79,"column":12},"end":{"line":85,"column":13}}],"line":79},"2":{"loc":{"start":{"line":107,"column":12},"end":{"line":113,"column":13}},"type":"if","locations":[{"start":{"line":107,"column":12},"end":{"line":113,"column":13}},{"start":{"line":107,"column":12},"end":{"line":113,"column":13}}],"line":107},"3":{"loc":{"start":{"line":129,"column":12},"end":{"line":135,"column":13}},"type":"if","locations":[{"start":{"line":129,"column":12},"end":{"line":135,"column":13}},{"start":{"line":129,"column":12},"end":{"line":135,"column":13}}],"line":129}},"s":{"0":1,"1":0,"2":0,"3":0,"4":0,"5":0,"6":0,"7":0,"8":0,"9":0,"10":0,"11":0,"12":0,"13":0,"14":0,"15":0,"16":0,"17":0,"18":0,"19":0,"20":0,"21":0,"22":0,"23":0,"24":0,"25":0,"26":0,"27":0,"28":0,"29":0,"30":0,"31":0,"32":0,"33":0,"34":0,"35":0,"36":0,"37":0,"38":0,"39":0,"40":0,"41":1},"f":{"0":0,"1":0,"2":0,"3":0,"4":0,"5":0,"6":0,"7":0,"8":0,"9":0,"10":0,"11":0,"12":0,"13":0,"14":0,"15":0,"16":0,"17":0},"b":{"0":[0,0],"1":[0,0],"2":[0,0],"3":[0,0]},"_coverageSchema":"1a1c01bbd47fc00a2c39e90264f33305004495a9","hash":"f22aab4387f211241975861b2a34df124eb07b39"}
,"/home/rezanasu/hacktiv8/Kelola-Kosan-Server/controllers/tenantController.js": {"path":"/home/rezanasu/hacktiv8/Kelola-Kosan-Server/controllers/tenantController.js","statementMap":{"0":{"start":{"line":1,"column":25},"end":{"line":1,"column":45}},"1":{"start":{"line":2,"column":14},"end":{"line":2,"column":30}},"2":{"start":{"line":6,"column":56},"end":{"line":6,"column":64}},"3":{"start":{"line":7,"column":8},"end":{"line":7,"column":45}},"4":{"start":{"line":8,"column":19},"end":{"line":8,"column":33}},"5":{"start":{"line":9,"column":8},"end":{"line":23,"column":9}},"6":{"start":{"line":10,"column":25},"end":{"line":17,"column":14}},"7":{"start":{"line":19,"column":12},"end":{"line":19,"column":38}},"8":{"start":{"line":22,"column":12},"end":{"line":22,"column":21}},"9":{"start":{"line":27,"column":8},"end":{"line":34,"column":9}},"10":{"start":{"line":28,"column":25},"end":{"line":28,"column":47}},"11":{"start":{"line":30,"column":12},"end":{"line":30,"column":39}},"12":{"start":{"line":33,"column":12},"end":{"line":33,"column":21}},"13":{"start":{"line":38,"column":17},"end":{"line":38,"column":30}},"14":{"start":{"line":39,"column":8},"end":{"line":53,"column":9}},"15":{"start":{"line":40,"column":25},"end":{"line":44,"column":14}},"16":{"start":{"line":46,"column":12},"end":{"line":50,"column":14}},"17":{"start":{"line":47,"column":16},"end":{"line":47,"column":63}},"18":{"start":{"line":49,"column":17},"end":{"line":49,"column":43}},"19":{"start":{"line":52,"column":12},"end":{"line":52,"column":21}},"20":{"start":{"line":58,"column":56},"end":{"line":58,"column":64}},"21":{"start":{"line":59,"column":17},"end":{"line":59,"column":31}},"22":{"start":{"line":60,"column":19},"end":{"line":66,"column":9}},"23":{"start":{"line":67,"column":8},"end":{"line":81,"column":9}},"24":{"start":{"line":68,"column":28},"end":{"line":68,"column":69}},"25":{"start":{"line":69,"column":12},"end":{"line":78,"column":13}},"26":{"start":{"line":70,"column":16},"end":{"line":70,"column":63}},"27":{"start":{"line":72,"column":32},"end":{"line":72,"column":97}},"28":{"start":{"line":73,"column":16},"end":{"line":77,"column":17}},"29":{"start":{"line":74,"column":20},"end":{"line":74,"column":67}},"30":{"start":{"line":76,"column":20},"end":{"line":76,"column":55}},"31":{"start":{"line":80,"column":12},"end":{"line":80,"column":21}},"32":{"start":{"line":109,"column":17},"end":{"line":109,"column":31}},"33":{"start":{"line":110,"column":8},"end":{"line":126,"column":9}},"34":{"start":{"line":111,"column":25},"end":{"line":111,"column":66}},"35":{"start":{"line":112,"column":12},"end":{"line":123,"column":13}},"36":{"start":{"line":113,"column":16},"end":{"line":113,"column":63}},"37":{"start":{"line":115,"column":32},"end":{"line":115,"column":92}},"38":{"start":{"line":116,"column":16},"end":{"line":122,"column":17}},"39":{"start":{"line":117,"column":20},"end":{"line":117,"column":67}},"40":{"start":{"line":119,"column":20},"end":{"line":121,"column":22}},"41":{"start":{"line":125,"column":12},"end":{"line":125,"column":21}},"42":{"start":{"line":131,"column":0},"end":{"line":131,"column":33}}},"fnMap":{"0":{"name":"(anonymous_0)","decl":{"start":{"line":5,"column":4},"end":{"line":5,"column":5}},"loc":{"start":{"line":5,"column":43},"end":{"line":24,"column":5}},"line":5},"1":{"name":"(anonymous_1)","decl":{"start":{"line":26,"column":4},"end":{"line":26,"column":5}},"loc":{"start":{"line":26,"column":43},"end":{"line":35,"column":5}},"line":26},"2":{"name":"(anonymous_2)","decl":{"start":{"line":37,"column":4},"end":{"line":37,"column":5}},"loc":{"start":{"line":37,"column":45},"end":{"line":55,"column":5}},"line":37},"3":{"name":"(anonymous_3)","decl":{"start":{"line":57,"column":4},"end":{"line":57,"column":5}},"loc":{"start":{"line":57,"column":45},"end":{"line":83,"column":5}},"line":57},"4":{"name":"(anonymous_4)","decl":{"start":{"line":108,"column":4},"end":{"line":108,"column":5}},"loc":{"start":{"line":108,"column":48},"end":{"line":127,"column":5}},"line":108}},"branchMap":{"0":{"loc":{"start":{"line":46,"column":12},"end":{"line":50,"column":14}},"type":"if","locations":[{"start":{"line":46,"column":12},"end":{"line":50,"column":14}},{"start":{"line":46,"column":12},"end":{"line":50,"column":14}}],"line":46},"1":{"loc":{"start":{"line":69,"column":12},"end":{"line":78,"column":13}},"type":"if","locations":[{"start":{"line":69,"column":12},"end":{"line":78,"column":13}},{"start":{"line":69,"column":12},"end":{"line":78,"column":13}}],"line":69},"2":{"loc":{"start":{"line":73,"column":16},"end":{"line":77,"column":17}},"type":"if","locations":[{"start":{"line":73,"column":16},"end":{"line":77,"column":17}},{"start":{"line":73,"column":16},"end":{"line":77,"column":17}}],"line":73},"3":{"loc":{"start":{"line":112,"column":12},"end":{"line":123,"column":13}},"type":"if","locations":[{"start":{"line":112,"column":12},"end":{"line":123,"column":13}},{"start":{"line":112,"column":12},"end":{"line":123,"column":13}}],"line":112},"4":{"loc":{"start":{"line":116,"column":16},"end":{"line":122,"column":17}},"type":"if","locations":[{"start":{"line":116,"column":16},"end":{"line":122,"column":17}},{"start":{"line":116,"column":16},"end":{"line":122,"column":17}}],"line":116}},"s":{"0":1,"1":1,"2":0,"3":0,"4":0,"5":0,"6":0,"7":0,"8":0,"9":0,"10":0,"11":0,"12":0,"13":0,"14":0,"15":0,"16":0,"17":0,"18":0,"19":0,"20":0,"21":0,"22":0,"23":0,"24":0,"25":0,"26":0,"27":0,"28":0,"29":0,"30":0,"31":0,"32":0,"33":0,"34":0,"35":0,"36":0,"37":0,"38":0,"39":0,"40":0,"41":0,"42":1},"f":{"0":0,"1":0,"2":0,"3":0,"4":0},"b":{"0":[0,0],"1":[0,0],"2":[0,0],"3":[0,0],"4":[0,0]},"_coverageSchema":"1a1c01bbd47fc00a2c39e90264f33305004495a9","hash":"0574d000a23b33371e1c5fbf09e1f8a6d7dc6964"}
,"/home/rezanasu/hacktiv8/Kelola-Kosan-Server/controllers/userController.js": {"path":"/home/rezanasu/hacktiv8/Kelola-Kosan-Server/controllers/userController.js","statementMap":{"0":{"start":{"line":1,"column":17},"end":{"line":1,"column":37}},"1":{"start":{"line":2,"column":24},"end":{"line":2,"column":52}},"2":{"start":{"line":3,"column":26},"end":{"line":3,"column":57}},"3":{"start":{"line":7,"column":45},"end":{"line":7,"column":53}},"4":{"start":{"line":8,"column":8},"end":{"line":8,"column":29}},"5":{"start":{"line":9,"column":8},"end":{"line":23,"column":9}},"6":{"start":{"line":10,"column":25},"end":{"line":14,"column":14}},"7":{"start":{"line":15,"column":12},"end":{"line":19,"column":14}},"8":{"start":{"line":22,"column":12},"end":{"line":22,"column":21}},"9":{"start":{"line":27,"column":35},"end":{"line":27,"column":43}},"10":{"start":{"line":28,"column":8},"end":{"line":53,"column":9}},"11":{"start":{"line":29,"column":25},"end":{"line":33,"column":14}},"12":{"start":{"line":35,"column":12},"end":{"line":49,"column":13}},"13":{"start":{"line":36,"column":16},"end":{"line":36,"column":75}},"14":{"start":{"line":38,"column":36},"end":{"line":38,"column":74}},"15":{"start":{"line":39,"column":16},"end":{"line":48,"column":17}},"16":{"start":{"line":40,"column":20},"end":{"line":40,"column":79}},"17":{"start":{"line":42,"column":30},"end":{"line":45,"column":21}},"18":{"start":{"line":46,"column":41},"end":{"line":46,"column":59}},"19":{"start":{"line":47,"column":20},"end":{"line":47,"column":56}},"20":{"start":{"line":52,"column":12},"end":{"line":52,"column":21}},"21":{"start":{"line":59,"column":0},"end":{"line":59,"column":31}}},"fnMap":{"0":{"name":"(anonymous_0)","decl":{"start":{"line":6,"column":4},"end":{"line":6,"column":5}},"loc":{"start":{"line":6,"column":46},"end":{"line":24,"column":5}},"line":6},"1":{"name":"(anonymous_1)","decl":{"start":{"line":26,"column":4},"end":{"line":26,"column":5}},"loc":{"start":{"line":26,"column":43},"end":{"line":55,"column":5}},"line":26}},"branchMap":{"0":{"loc":{"start":{"line":35,"column":12},"end":{"line":49,"column":13}},"type":"if","locations":[{"start":{"line":35,"column":12},"end":{"line":49,"column":13}},{"start":{"line":35,"column":12},"end":{"line":49,"column":13}}],"line":35},"1":{"loc":{"start":{"line":39,"column":16},"end":{"line":48,"column":17}},"type":"if","locations":[{"start":{"line":39,"column":16},"end":{"line":48,"column":17}},{"start":{"line":39,"column":16},"end":{"line":48,"column":17}}],"line":39}},"s":{"0":1,"1":1,"2":1,"3":0,"4":0,"5":0,"6":0,"7":0,"8":0,"9":1,"10":1,"11":1,"12":1,"13":0,"14":1,"15":1,"16":0,"17":1,"18":1,"19":1,"20":0,"21":1},"f":{"0":0,"1":1},"b":{"0":[0,1],"1":[0,1]},"_coverageSchema":"1a1c01bbd47fc00a2c39e90264f33305004495a9","hash":"484d9141302fdc9d0e734f45c08b2606db5062ae"}
,"/home/rezanasu/hacktiv8/Kelola-Kosan-Server/helpers/bcrypt.js": {"path":"/home/rezanasu/hacktiv8/Kelola-Kosan-Server/helpers/bcrypt.js","statementMap":{"0":{"start":{"line":1,"column":15},"end":{"line":1,"column":32}},"1":{"start":{"line":2,"column":19},"end":{"line":2,"column":21}},"2":{"start":{"line":5,"column":17},"end":{"line":5,"column":47}},"3":{"start":{"line":6,"column":17},"end":{"line":6,"column":44}},"4":{"start":{"line":7,"column":4},"end":{"line":7,"column":15}},"5":{"start":{"line":11,"column":4},"end":{"line":11,"column":56}},"6":{"start":{"line":14,"column":0},"end":{"line":14,"column":46}}},"fnMap":{"0":{"name":"hashPassword","decl":{"start":{"line":4,"column":9},"end":{"line":4,"column":21}},"loc":{"start":{"line":4,"column":28},"end":{"line":8,"column":1}},"line":4},"1":{"name":"checkPassword","decl":{"start":{"line":10,"column":9},"end":{"line":10,"column":22}},"loc":{"start":{"line":10,"column":50},"end":{"line":12,"column":1}},"line":10}},"branchMap":{},"s":{"0":1,"1":1,"2":0,"3":0,"4":0,"5":1,"6":1},"f":{"0":0,"1":1},"b":{},"_coverageSchema":"1a1c01bbd47fc00a2c39e90264f33305004495a9","hash":"896734dd2088341dc8597fb9eb23715e32d87de9"}
,"/home/rezanasu/hacktiv8/Kelola-Kosan-Server/helpers/jwt.js": {"path":"/home/rezanasu/hacktiv8/Kelola-Kosan-Server/helpers/jwt.js","statementMap":{"0":{"start":{"line":1,"column":12},"end":{"line":1,"column":35}},"1":{"start":{"line":2,"column":15},"end":{"line":2,"column":33}},"2":{"start":{"line":6,"column":34},"end":{"line":6,"column":38}},"3":{"start":{"line":7,"column":23},"end":{"line":7,"column":74}},"4":{"start":{"line":9,"column":4},"end":{"line":9,"column":23}},"5":{"start":{"line":13,"column":4},"end":{"line":13,"column":48}},"6":{"start":{"line":16,"column":0},"end":{"line":16,"column":47}}},"fnMap":{"0":{"name":"generateToken","decl":{"start":{"line":4,"column":9},"end":{"line":4,"column":22}},"loc":{"start":{"line":4,"column":29},"end":{"line":10,"column":1}},"line":4},"1":{"name":"verifyToken","decl":{"start":{"line":12,"column":9},"end":{"line":12,"column":20}},"loc":{"start":{"line":12,"column":28},"end":{"line":14,"column":1}},"line":12}},"branchMap":{},"s":{"0":1,"1":1,"2":1,"3":1,"4":1,"5":7,"6":1},"f":{"0":1,"1":7},"b":{},"_coverageSchema":"1a1c01bbd47fc00a2c39e90264f33305004495a9","hash":"0c7c3e744b52adf8d85cfdbe59221dd2186a5575"}
,"/home/rezanasu/hacktiv8/Kelola-Kosan-Server/middlewares/auth.js": {"path":"/home/rezanasu/hacktiv8/Kelola-Kosan-Server/middlewares/auth.js","statementMap":{"0":{"start":{"line":1,"column":23},"end":{"line":1,"column":48}},"1":{"start":{"line":2,"column":33},"end":{"line":2,"column":53}},"2":{"start":{"line":5,"column":4},"end":{"line":36,"column":5}},"3":{"start":{"line":7,"column":31},"end":{"line":7,"column":42}},"4":{"start":{"line":8,"column":8},"end":{"line":33,"column":9}},"5":{"start":{"line":9,"column":27},"end":{"line":9,"column":52}},"6":{"start":{"line":10,"column":30},"end":{"line":17,"column":14}},"7":{"start":{"line":18,"column":12},"end":{"line":29,"column":13}},"8":{"start":{"line":19,"column":36},"end":{"line":19,"column":54}},"9":{"start":{"line":20,"column":16},"end":{"line":24,"column":17}},"10":{"start":{"line":26,"column":16},"end":{"line":26,"column":22}},"11":{"start":{"line":28,"column":16},"end":{"line":28,"column":71}},"12":{"start":{"line":31,"column":12},"end":{"line":31,"column":42}},"13":{"start":{"line":35,"column":8},"end":{"line":35,"column":17}},"14":{"start":{"line":40,"column":4},"end":{"line":54,"column":5}},"15":{"start":{"line":41,"column":19},"end":{"line":41,"column":33}},"16":{"start":{"line":42,"column":26},"end":{"line":42,"column":67}},"17":{"start":{"line":43,"column":8},"end":{"line":51,"column":9}},"18":{"start":{"line":44,"column":12},"end":{"line":48,"column":13}},"19":{"start":{"line":45,"column":16},"end":{"line":45,"column":22}},"20":{"start":{"line":47,"column":16},"end":{"line":47,"column":63}},"21":{"start":{"line":50,"column":12},"end":{"line":50,"column":59}},"22":{"start":{"line":53,"column":8},"end":{"line":53,"column":17}},"23":{"start":{"line":57,"column":0},"end":{"line":57,"column":48}}},"fnMap":{"0":{"name":"authentication","decl":{"start":{"line":4,"column":15},"end":{"line":4,"column":29}},"loc":{"start":{"line":4,"column":46},"end":{"line":37,"column":1}},"line":4},"1":{"name":"authorization","decl":{"start":{"line":39,"column":15},"end":{"line":39,"column":28}},"loc":{"start":{"line":39,"column":45},"end":{"line":55,"column":1}},"line":39}},"branchMap":{"0":{"loc":{"start":{"line":8,"column":8},"end":{"line":33,"column":9}},"type":"if","locations":[{"start":{"line":8,"column":8},"end":{"line":33,"column":9}},{"start":{"line":8,"column":8},"end":{"line":33,"column":9}}],"line":8},"1":{"loc":{"start":{"line":18,"column":12},"end":{"line":29,"column":13}},"type":"if","locations":[{"start":{"line":18,"column":12},"end":{"line":29,"column":13}},{"start":{"line":18,"column":12},"end":{"line":29,"column":13}}],"line":18},"2":{"loc":{"start":{"line":43,"column":8},"end":{"line":51,"column":9}},"type":"if","locations":[{"start":{"line":43,"column":8},"end":{"line":51,"column":9}},{"start":{"line":43,"column":8},"end":{"line":51,"column":9}}],"line":43},"3":{"loc":{"start":{"line":44,"column":12},"end":{"line":48,"column":13}},"type":"if","locations":[{"start":{"line":44,"column":12},"end":{"line":48,"column":13}},{"start":{"line":44,"column":12},"end":{"line":48,"column":13}}],"line":44}},"s":{"0":1,"1":1,"2":11,"3":11,"4":11,"5":7,"6":7,"7":7,"8":7,"9":7,"10":7,"11":0,"12":4,"13":0,"14":0,"15":0,"16":0,"17":0,"18":0,"19":0,"20":0,"21":0,"22":0,"23":1},"f":{"0":11,"1":0},"b":{"0":[7,4],"1":[7,0],"2":[0,0],"3":[0,0]},"_coverageSchema":"1a1c01bbd47fc00a2c39e90264f33305004495a9","hash":"a65c1c6555247f6f8664ca108e9b2f1ce6d9e6f9"}
,"/home/rezanasu/hacktiv8/Kelola-Kosan-Server/middlewares/errorHandler.js": {"path":"/home/rezanasu/hacktiv8/Kelola-Kosan-Server/middlewares/errorHandler.js","statementMap":{"0":{"start":{"line":2,"column":4},"end":{"line":2,"column":20}},"1":{"start":{"line":3,"column":4},"end":{"line":3,"column":56}},"2":{"start":{"line":4,"column":4},"end":{"line":32,"column":5}},"3":{"start":{"line":6,"column":27},"end":{"line":6,"column":29}},"4":{"start":{"line":7,"column":12},"end":{"line":9,"column":14}},"5":{"start":{"line":8,"column":16},"end":{"line":8,"column":40}},"6":{"start":{"line":11,"column":12},"end":{"line":11,"column":66}},"7":{"start":{"line":12,"column":12},"end":{"line":12,"column":17}},"8":{"start":{"line":15,"column":12},"end":{"line":15,"column":56}},"9":{"start":{"line":16,"column":12},"end":{"line":16,"column":17}},"10":{"start":{"line":18,"column":12},"end":{"line":18,"column":61}},"11":{"start":{"line":19,"column":12},"end":{"line":19,"column":17}},"12":{"start":{"line":21,"column":12},"end":{"line":21,"column":61}},"13":{"start":{"line":22,"column":12},"end":{"line":22,"column":17}},"14":{"start":{"line":24,"column":12},"end":{"line":24,"column":64}},"15":{"start":{"line":25,"column":12},"end":{"line":25,"column":17}},"16":{"start":{"line":27,"column":12},"end":{"line":27,"column":91}},"17":{"start":{"line":28,"column":12},"end":{"line":28,"column":17}},"18":{"start":{"line":31,"column":12},"end":{"line":31,"column":83}},"19":{"start":{"line":35,"column":0},"end":{"line":35,"column":29}}},"fnMap":{"0":{"name":"errorHandler","decl":{"start":{"line":1,"column":9},"end":{"line":1,"column":21}},"loc":{"start":{"line":1,"column":43},"end":{"line":33,"column":1}},"line":1},"1":{"name":"(anonymous_1)","decl":{"start":{"line":7,"column":31},"end":{"line":7,"column":32}},"loc":{"start":{"line":7,"column":38},"end":{"line":9,"column":13}},"line":7}},"branchMap":{"0":{"loc":{"start":{"line":4,"column":4},"end":{"line":32,"column":5}},"type":"switch","locations":[{"start":{"line":5,"column":8},"end":{"line":12,"column":17}},{"start":{"line":13,"column":8},"end":{"line":16,"column":17}},{"start":{"line":17,"column":8},"end":{"line":19,"column":17}},{"start":{"line":20,"column":8},"end":{"line":22,"column":17}},{"start":{"line":23,"column":8},"end":{"line":25,"column":17}},{"start":{"line":26,"column":8},"end":{"line":28,"column":17}},{"start":{"line":29,"column":8},"end":{"line":31,"column":83}}],"line":4},"1":{"loc":{"start":{"line":31,"column":43},"end":{"line":31,"column":81}},"type":"binary-expr","locations":[{"start":{"line":31,"column":43},"end":{"line":31,"column":54}},{"start":{"line":31,"column":58},"end":{"line":31,"column":81}}],"line":31}},"s":{"0":7,"1":7,"2":7,"3":1,"4":1,"5":4,"6":1,"7":1,"8":0,"9":0,"10":4,"11":4,"12":0,"13":0,"14":2,"15":2,"16":0,"17":0,"18":0,"19":1},"f":{"0":7,"1":4},"b":{"0":[1,0,4,0,2,0,0],"1":[0,0]},"_coverageSchema":"1a1c01bbd47fc00a2c39e90264f33305004495a9","hash":"ee31075af59509cb399aef2f96035133648c7886"}
,"/home/rezanasu/hacktiv8/Kelola-Kosan-Server/models/expense.js": {"path":"/home/rezanasu/hacktiv8/Kelola-Kosan-Server/models/expense.js","statementMap":{"0":{"start":{"line":4,"column":4},"end":{"line":4,"column":24}},"1":{"start":{"line":5,"column":0},"end":{"line":56,"column":2}},"2":{"start":{"line":14,"column":6},"end":{"line":14,"column":69}},"3":{"start":{"line":17,"column":2},"end":{"line":54,"column":5}},"4":{"start":{"line":55,"column":2},"end":{"line":55,"column":17}}},"fnMap":{"0":{"name":"(anonymous_0)","decl":{"start":{"line":5,"column":17},"end":{"line":5,"column":18}},"loc":{"start":{"line":5,"column":43},"end":{"line":56,"column":1}},"line":5},"1":{"name":"(anonymous_1)","decl":{"start":{"line":12,"column":4},"end":{"line":12,"column":5}},"loc":{"start":{"line":12,"column":29},"end":{"line":15,"column":5}},"line":12}},"branchMap":{},"s":{"0":1,"1":1,"2":1,"3":1,"4":1},"f":{"0":1,"1":1},"b":{},"_coverageSchema":"1a1c01bbd47fc00a2c39e90264f33305004495a9","hash":"3794de163873078157568722ac916f5bf1f0d82b"}
,"/home/rezanasu/hacktiv8/Kelola-Kosan-Server/models/index.js": {"path":"/home/rezanasu/hacktiv8/Kelola-Kosan-Server/models/index.js","statementMap":{"0":{"start":{"line":3,"column":11},"end":{"line":3,"column":24}},"1":{"start":{"line":4,"column":13},"end":{"line":4,"column":28}},"2":{"start":{"line":5,"column":18},"end":{"line":5,"column":38}},"3":{"start":{"line":6,"column":17},"end":{"line":6,"column":42}},"4":{"start":{"line":7,"column":12},"end":{"line":7,"column":49}},"5":{"start":{"line":8,"column":15},"end":{"line":8,"column":65}},"6":{"start":{"line":9,"column":11},"end":{"line":9,"column":13}},"7":{"start":{"line":12,"column":0},"end":{"line":16,"column":1}},"8":{"start":{"line":13,"column":2},"end":{"line":13,"column":74}},"9":{"start":{"line":15,"column":2},"end":{"line":15,"column":87}},"10":{"start":{"line":18,"column":0},"end":{"line":26,"column":5}},"11":{"start":{"line":21,"column":4},"end":{"line":21,"column":90}},"12":{"start":{"line":24,"column":18},"end":{"line":24,"column":85}},"13":{"start":{"line":25,"column":4},"end":{"line":25,"column":27}},"14":{"start":{"line":28,"column":0},"end":{"line":32,"column":3}},"15":{"start":{"line":29,"column":2},"end":{"line":31,"column":3}},"16":{"start":{"line":30,"column":4},"end":{"line":30,"column":32}},"17":{"start":{"line":34,"column":0},"end":{"line":34,"column":25}},"18":{"start":{"line":35,"column":0},"end":{"line":35,"column":25}},"19":{"start":{"line":37,"column":0},"end":{"line":37,"column":20}}},"fnMap":{"0":{"name":"(anonymous_0)","decl":{"start":{"line":20,"column":10},"end":{"line":20,"column":11}},"loc":{"start":{"line":20,"column":18},"end":{"line":22,"column":3}},"line":20},"1":{"name":"(anonymous_1)","decl":{"start":{"line":23,"column":11},"end":{"line":23,"column":12}},"loc":{"start":{"line":23,"column":19},"end":{"line":26,"column":3}},"line":23},"2":{"name":"(anonymous_2)","decl":{"start":{"line":28,"column":24},"end":{"line":28,"column":25}},"loc":{"start":{"line":28,"column":37},"end":{"line":32,"column":1}},"line":28}},"branchMap":{"0":{"loc":{"start":{"line":7,"column":12},"end":{"line":7,"column":49}},"type":"binary-expr","locations":[{"start":{"line":7,"column":12},"end":{"line":7,"column":32}},{"start":{"line":7,"column":36},"end":{"line":7,"column":49}}],"line":7},"1":{"loc":{"start":{"line":12,"column":0},"end":{"line":16,"column":1}},"type":"if","locations":[{"start":{"line":12,"column":0},"end":{"line":16,"column":1}},{"start":{"line":12,"column":0},"end":{"line":16,"column":1}}],"line":12},"2":{"loc":{"start":{"line":21,"column":11},"end":{"line":21,"column":89}},"type":"binary-expr","locations":[{"start":{"line":21,"column":12},"end":{"line":21,"column":35}},{"start":{"line":21,"column":41},"end":{"line":21,"column":58}},{"start":{"line":21,"column":64},"end":{"line":21,"column":88}}],"line":21},"3":{"loc":{"start":{"line":29,"column":2},"end":{"line":31,"column":3}},"type":"if","locations":[{"start":{"line":29,"column":2},"end":{"line":31,"column":3}},{"start":{"line":29,"column":2},"end":{"line":31,"column":3}}],"line":29}},"s":{"0":1,"1":1,"2":1,"3":1,"4":1,"5":1,"6":1,"7":1,"8":0,"9":1,"10":1,"11":8,"12":7,"13":7,"14":1,"15":7,"16":7,"17":1,"18":1,"19":1},"f":{"0":8,"1":7,"2":7},"b":{"0":[1,0],"1":[0,1],"2":[8,8,7],"3":[7,0]},"_coverageSchema":"1a1c01bbd47fc00a2c39e90264f33305004495a9","hash":"1d16169350d9ad940e34b0c92550d0f68ade0354"}
,"/home/rezanasu/hacktiv8/Kelola-Kosan-Server/models/payment.js": {"path":"/home/rezanasu/hacktiv8/Kelola-Kosan-Server/models/payment.js","statementMap":{"0":{"start":{"line":4,"column":4},"end":{"line":4,"column":24}},"1":{"start":{"line":5,"column":0},"end":{"line":68,"column":2}},"2":{"start":{"line":14,"column":6},"end":{"line":14,"column":61}},"3":{"start":{"line":15,"column":6},"end":{"line":15,"column":65}},"4":{"start":{"line":18,"column":2},"end":{"line":66,"column":5}},"5":{"start":{"line":67,"column":2},"end":{"line":67,"column":17}}},"fnMap":{"0":{"name":"(anonymous_0)","decl":{"start":{"line":5,"column":17},"end":{"line":5,"column":18}},"loc":{"start":{"line":5,"column":43},"end":{"line":68,"column":1}},"line":5},"1":{"name":"(anonymous_1)","decl":{"start":{"line":12,"column":4},"end":{"line":12,"column":5}},"loc":{"start":{"line":12,"column":29},"end":{"line":16,"column":5}},"line":12}},"branchMap":{},"s":{"0":1,"1":1,"2":1,"3":1,"4":1,"5":1},"f":{"0":1,"1":1},"b":{},"_coverageSchema":"1a1c01bbd47fc00a2c39e90264f33305004495a9","hash":"0f8ddcd740ef8aec1106f81db00e517345ae656c"}
,"/home/rezanasu/hacktiv8/Kelola-Kosan-Server/models/property.js": {"path":"/home/rezanasu/hacktiv8/Kelola-Kosan-Server/models/property.js","statementMap":{"0":{"start":{"line":4,"column":4},"end":{"line":4,"column":24}},"1":{"start":{"line":5,"column":0},"end":{"line":59,"column":2}},"2":{"start":{"line":14,"column":6},"end":{"line":14,"column":62}},"3":{"start":{"line":15,"column":6},"end":{"line":15,"column":64}},"4":{"start":{"line":16,"column":6},"end":{"line":16,"column":67}},"5":{"start":{"line":17,"column":6},"end":{"line":17,"column":67}},"6":{"start":{"line":20,"column":2},"end":{"line":57,"column":5}},"7":{"start":{"line":58,"column":2},"end":{"line":58,"column":18}}},"fnMap":{"0":{"name":"(anonymous_0)","decl":{"start":{"line":5,"column":17},"end":{"line":5,"column":18}},"loc":{"start":{"line":5,"column":43},"end":{"line":59,"column":1}},"line":5},"1":{"name":"(anonymous_1)","decl":{"start":{"line":12,"column":4},"end":{"line":12,"column":5}},"loc":{"start":{"line":12,"column":29},"end":{"line":18,"column":5}},"line":12}},"branchMap":{},"s":{"0":1,"1":1,"2":1,"3":1,"4":1,"5":1,"6":1,"7":1},"f":{"0":1,"1":1},"b":{},"_coverageSchema":"1a1c01bbd47fc00a2c39e90264f33305004495a9","hash":"f51053e60ea9d253d78c193cb45147db8ea9dda3"}
,"/home/rezanasu/hacktiv8/Kelola-Kosan-Server/models/revenue.js": {"path":"/home/rezanasu/hacktiv8/Kelola-Kosan-Server/models/revenue.js","statementMap":{"0":{"start":{"line":4,"column":4},"end":{"line":4,"column":24}},"1":{"start":{"line":5,"column":0},"end":{"line":48,"column":2}},"2":{"start":{"line":14,"column":6},"end":{"line":14,"column":69}},"3":{"start":{"line":17,"column":2},"end":{"line":46,"column":5}},"4":{"start":{"line":47,"column":2},"end":{"line":47,"column":17}}},"fnMap":{"0":{"name":"(anonymous_0)","decl":{"start":{"line":5,"column":17},"end":{"line":5,"column":18}},"loc":{"start":{"line":5,"column":43},"end":{"line":48,"column":1}},"line":5},"1":{"name":"(anonymous_1)","decl":{"start":{"line":12,"column":4},"end":{"line":12,"column":5}},"loc":{"start":{"line":12,"column":29},"end":{"line":15,"column":5}},"line":12}},"branchMap":{},"s":{"0":1,"1":1,"2":1,"3":1,"4":1},"f":{"0":1,"1":1},"b":{},"_coverageSchema":"1a1c01bbd47fc00a2c39e90264f33305004495a9","hash":"e301cfc653df702823b12537c47f60407830299c"}
,"/home/rezanasu/hacktiv8/Kelola-Kosan-Server/models/room.js": {"path":"/home/rezanasu/hacktiv8/Kelola-Kosan-Server/models/room.js","statementMap":{"0":{"start":{"line":4,"column":4},"end":{"line":4,"column":24}},"1":{"start":{"line":5,"column":0},"end":{"line":57,"column":2}},"2":{"start":{"line":14,"column":6},"end":{"line":14,"column":66}},"3":{"start":{"line":15,"column":6},"end":{"line":15,"column":89}},"4":{"start":{"line":18,"column":2},"end":{"line":55,"column":5}},"5":{"start":{"line":56,"column":2},"end":{"line":56,"column":14}}},"fnMap":{"0":{"name":"(anonymous_0)","decl":{"start":{"line":5,"column":17},"end":{"line":5,"column":18}},"loc":{"start":{"line":5,"column":43},"end":{"line":57,"column":1}},"line":5},"1":{"name":"(anonymous_1)","decl":{"start":{"line":12,"column":4},"end":{"line":12,"column":5}},"loc":{"start":{"line":12,"column":29},"end":{"line":16,"column":5}},"line":12}},"branchMap":{},"s":{"0":1,"1":1,"2":1,"3":1,"4":1,"5":1},"f":{"0":1,"1":1},"b":{},"_coverageSchema":"1a1c01bbd47fc00a2c39e90264f33305004495a9","hash":"6b18871276e7574dbb5b714606c946b2ad8cbd2c"}
,"/home/rezanasu/hacktiv8/Kelola-Kosan-Server/models/tenant.js": {"path":"/home/rezanasu/hacktiv8/Kelola-Kosan-Server/models/tenant.js","statementMap":{"0":{"start":{"line":4,"column":4},"end":{"line":4,"column":24}},"1":{"start":{"line":5,"column":0},"end":{"line":66,"column":2}},"2":{"start":{"line":14,"column":6},"end":{"line":14,"column":91}},"3":{"start":{"line":17,"column":2},"end":{"line":64,"column":5}},"4":{"start":{"line":65,"column":2},"end":{"line":65,"column":16}}},"fnMap":{"0":{"name":"(anonymous_0)","decl":{"start":{"line":5,"column":17},"end":{"line":5,"column":18}},"loc":{"start":{"line":5,"column":43},"end":{"line":66,"column":1}},"line":5},"1":{"name":"(anonymous_1)","decl":{"start":{"line":12,"column":4},"end":{"line":12,"column":5}},"loc":{"start":{"line":12,"column":29},"end":{"line":15,"column":5}},"line":12}},"branchMap":{},"s":{"0":1,"1":1,"2":1,"3":1,"4":1},"f":{"0":1,"1":1},"b":{},"_coverageSchema":"1a1c01bbd47fc00a2c39e90264f33305004495a9","hash":"20a0b629da0735453943f76cd43144e29aedffa4"}
,"/home/rezanasu/hacktiv8/Kelola-Kosan-Server/models/user.js": {"path":"/home/rezanasu/hacktiv8/Kelola-Kosan-Server/models/user.js","statementMap":{"0":{"start":{"line":4,"column":4},"end":{"line":4,"column":24}},"1":{"start":{"line":5,"column":23},"end":{"line":5,"column":54}},"2":{"start":{"line":6,"column":0},"end":{"line":61,"column":2}},"3":{"start":{"line":15,"column":6},"end":{"line":15,"column":59}},"4":{"start":{"line":18,"column":2},"end":{"line":59,"column":5}},"5":{"start":{"line":55,"column":32},"end":{"line":55,"column":63}},"6":{"start":{"line":56,"column":8},"end":{"line":56,"column":43}},"7":{"start":{"line":60,"column":2},"end":{"line":60,"column":14}}},"fnMap":{"0":{"name":"(anonymous_0)","decl":{"start":{"line":6,"column":17},"end":{"line":6,"column":18}},"loc":{"start":{"line":6,"column":43},"end":{"line":61,"column":1}},"line":6},"1":{"name":"(anonymous_1)","decl":{"start":{"line":13,"column":4},"end":{"line":13,"column":5}},"loc":{"start":{"line":13,"column":29},"end":{"line":16,"column":5}},"line":13},"2":{"name":"(anonymous_2)","decl":{"start":{"line":54,"column":6},"end":{"line":54,"column":7}},"loc":{"start":{"line":54,"column":38},"end":{"line":57,"column":7}},"line":54}},"branchMap":{},"s":{"0":1,"1":1,"2":1,"3":1,"4":1,"5":0,"6":0,"7":1},"f":{"0":1,"1":1,"2":0},"b":{},"_coverageSchema":"1a1c01bbd47fc00a2c39e90264f33305004495a9","hash":"daea0dbcba289a198cdbd0f1391059465e1c1f09"}
,"/home/rezanasu/hacktiv8/Kelola-Kosan-Server/routes/expense.js": {"path":"/home/rezanasu/hacktiv8/Kelola-Kosan-Server/routes/expense.js","statementMap":{"0":{"start":{"line":1,"column":16},"end":{"line":1,"column":34}},"1":{"start":{"line":2,"column":22},"end":{"line":2,"column":38}},"2":{"start":{"line":3,"column":26},"end":{"line":3,"column":69}},"3":{"start":{"line":6,"column":0},"end":{"line":6,"column":31}}},"fnMap":{},"branchMap":{},"s":{"0":1,"1":1,"2":1,"3":1},"f":{},"b":{},"_coverageSchema":"1a1c01bbd47fc00a2c39e90264f33305004495a9","hash":"1356a8ddf29e5551e07098e500f4254ffab15c8a"}
,"/home/rezanasu/hacktiv8/Kelola-Kosan-Server/routes/index.js": {"path":"/home/rezanasu/hacktiv8/Kelola-Kosan-Server/routes/index.js","statementMap":{"0":{"start":{"line":1,"column":15},"end":{"line":1,"column":42}},"1":{"start":{"line":2,"column":25},"end":{"line":2,"column":58}},"2":{"start":{"line":3,"column":19},"end":{"line":3,"column":36}},"3":{"start":{"line":4,"column":19},"end":{"line":4,"column":36}},"4":{"start":{"line":5,"column":23},"end":{"line":5,"column":44}},"5":{"start":{"line":6,"column":21},"end":{"line":6,"column":40}},"6":{"start":{"line":7,"column":22},"end":{"line":7,"column":42}},"7":{"start":{"line":8,"column":22},"end":{"line":8,"column":42}},"8":{"start":{"line":11,"column":0},"end":{"line":11,"column":28}},"9":{"start":{"line":13,"column":0},"end":{"line":13,"column":27}},"10":{"start":{"line":14,"column":0},"end":{"line":14,"column":42}},"11":{"start":{"line":15,"column":0},"end":{"line":15,"column":39}},"12":{"start":{"line":16,"column":0},"end":{"line":16,"column":36}},"13":{"start":{"line":17,"column":0},"end":{"line":17,"column":33}},"14":{"start":{"line":18,"column":0},"end":{"line":18,"column":39}},"15":{"start":{"line":20,"column":0},"end":{"line":20,"column":23}}},"fnMap":{},"branchMap":{},"s":{"0":1,"1":1,"2":1,"3":1,"4":1,"5":1,"6":1,"7":1,"8":1,"9":1,"10":1,"11":1,"12":1,"13":1,"14":1,"15":1},"f":{},"b":{},"_coverageSchema":"1a1c01bbd47fc00a2c39e90264f33305004495a9","hash":"94108bed8f67e4f3a727dadfa2e50e716c3fa947"}
,"/home/rezanasu/hacktiv8/Kelola-Kosan-Server/routes/payment.js": {"path":"/home/rezanasu/hacktiv8/Kelola-Kosan-Server/routes/payment.js","statementMap":{"0":{"start":{"line":1,"column":16},"end":{"line":1,"column":34}},"1":{"start":{"line":2,"column":22},"end":{"line":2,"column":38}},"2":{"start":{"line":3,"column":26},"end":{"line":3,"column":69}},"3":{"start":{"line":5,"column":0},"end":{"line":5,"column":55}},"4":{"start":{"line":6,"column":0},"end":{"line":6,"column":74}},"5":{"start":{"line":7,"column":0},"end":{"line":7,"column":61}},"6":{"start":{"line":8,"column":0},"end":{"line":8,"column":62}},"7":{"start":{"line":12,"column":0},"end":{"line":12,"column":30}}},"fnMap":{},"branchMap":{},"s":{"0":1,"1":1,"2":1,"3":1,"4":1,"5":1,"6":1,"7":1},"f":{},"b":{},"_coverageSchema":"1a1c01bbd47fc00a2c39e90264f33305004495a9","hash":"88e9a19af999862616071c1b2dbc7ea6c86dd102"}
,"/home/rezanasu/hacktiv8/Kelola-Kosan-Server/routes/property.js": {"path":"/home/rezanasu/hacktiv8/Kelola-Kosan-Server/routes/property.js","statementMap":{"0":{"start":{"line":1,"column":23},"end":{"line":1,"column":50}},"1":{"start":{"line":2,"column":27},"end":{"line":2,"column":71}},"2":{"start":{"line":4,"column":0},"end":{"line":4,"column":51}},"3":{"start":{"line":5,"column":0},"end":{"line":5,"column":51}},"4":{"start":{"line":6,"column":0},"end":{"line":6,"column":53}},"5":{"start":{"line":7,"column":0},"end":{"line":7,"column":56}},"6":{"start":{"line":9,"column":0},"end":{"line":9,"column":31}}},"fnMap":{},"branchMap":{},"s":{"0":1,"1":1,"2":1,"3":1,"4":1,"5":1,"6":1},"f":{},"b":{},"_coverageSchema":"1a1c01bbd47fc00a2c39e90264f33305004495a9","hash":"6a1ddb34f84e26bf03b23d47f1296f41b2489d7e"}
,"/home/rezanasu/hacktiv8/Kelola-Kosan-Server/routes/room.js": {"path":"/home/rezanasu/hacktiv8/Kelola-Kosan-Server/routes/room.js","statementMap":{"0":{"start":{"line":1,"column":16},"end":{"line":1,"column":34}},"1":{"start":{"line":2,"column":19},"end":{"line":2,"column":35}},"2":{"start":{"line":3,"column":23},"end":{"line":3,"column":63}},"3":{"start":{"line":5,"column":0},"end":{"line":5,"column":46}},"4":{"start":{"line":8,"column":0},"end":{"line":8,"column":45}},"5":{"start":{"line":9,"column":0},"end":{"line":9,"column":51}},"6":{"start":{"line":10,"column":0},"end":{"line":10,"column":50}},"7":{"start":{"line":11,"column":0},"end":{"line":11,"column":54}},"8":{"start":{"line":12,"column":0},"end":{"line":12,"column":53}},"9":{"start":{"line":15,"column":0},"end":{"line":15,"column":28}}},"fnMap":{},"branchMap":{},"s":{"0":1,"1":1,"2":1,"3":1,"4":1,"5":1,"6":1,"7":1,"8":1,"9":1},"f":{},"b":{},"_coverageSchema":"1a1c01bbd47fc00a2c39e90264f33305004495a9","hash":"966b42833922a1a1de816fdea592164ac0dfdddd"}
,"/home/rezanasu/hacktiv8/Kelola-Kosan-Server/routes/tenant.js": {"path":"/home/rezanasu/hacktiv8/Kelola-Kosan-Server/routes/tenant.js","statementMap":{"0":{"start":{"line":1,"column":15},"end":{"line":1,"column":42}},"1":{"start":{"line":2,"column":25},"end":{"line":2,"column":70}},"2":{"start":{"line":4,"column":0},"end":{"line":4,"column":44}},"3":{"start":{"line":6,"column":0},"end":{"line":6,"column":43}},"4":{"start":{"line":8,"column":0},"end":{"line":8,"column":48}},"5":{"start":{"line":10,"column":0},"end":{"line":10,"column":48}},"6":{"start":{"line":12,"column":0},"end":{"line":12,"column":54}},"7":{"start":{"line":14,"column":0},"end":{"line":14,"column":23}}},"fnMap":{},"branchMap":{},"s":{"0":1,"1":1,"2":1,"3":1,"4":1,"5":1,"6":1,"7":1},"f":{},"b":{},"_coverageSchema":"1a1c01bbd47fc00a2c39e90264f33305004495a9","hash":"300bc01ea30d5cd89f92d316bee53ee608b0b789"}
,"/home/rezanasu/hacktiv8/Kelola-Kosan-Server/routes/user.js": {"path":"/home/rezanasu/hacktiv8/Kelola-Kosan-Server/routes/user.js","statementMap":{"0":{"start":{"line":1,"column":19},"end":{"line":1,"column":46}},"1":{"start":{"line":2,"column":23},"end":{"line":2,"column":63}},"2":{"start":{"line":5,"column":0},"end":{"line":5,"column":57}},"3":{"start":{"line":6,"column":0},"end":{"line":6,"column":51}},"4":{"start":{"line":8,"column":0},"end":{"line":8,"column":28}}},"fnMap":{},"branchMap":{},"s":{"0":1,"1":1,"2":1,"3":1,"4":1},"f":{},"b":{},"_coverageSchema":"1a1c01bbd47fc00a2c39e90264f33305004495a9","hash":"aabf007af312f1e620d4b01db4f9889e1a2efd07"}
}
