{"D:\\Hacktiv8\\Fase Immersive 3\\Week 4\\Kelola-Kosan-Server\\app.js": {"path":"D:\\Hacktiv8\\Fase Immersive 3\\Week 4\\Kelola-Kosan-Server\\app.js","statementMap":{"0":{"start":{"line":1,"column":0},"end":{"line":3,"column":1}},"1":{"start":{"line":2,"column":2},"end":{"line":2,"column":28}},"2":{"start":{"line":5,"column":16},"end":{"line":5,"column":34}},"3":{"start":{"line":6,"column":12},"end":{"line":6,"column":21}},"4":{"start":{"line":7,"column":13},"end":{"line":7,"column":28}},"5":{"start":{"line":8,"column":15},"end":{"line":8,"column":40}},"6":{"start":{"line":9,"column":13},"end":{"line":9,"column":37}},"7":{"start":{"line":10,"column":21},"end":{"line":10,"column":61}},"8":{"start":{"line":12,"column":0},"end":{"line":12,"column":15}},"9":{"start":{"line":14,"column":0},"end":{"line":14,"column":45}},"10":{"start":{"line":16,"column":0},"end":{"line":16,"column":23}},"11":{"start":{"line":18,"column":0},"end":{"line":18,"column":15}},"12":{"start":{"line":20,"column":0},"end":{"line":20,"column":21}},"13":{"start":{"line":22,"column":0},"end":{"line":22,"column":21}}},"fnMap":{},"branchMap":{"0":{"loc":{"start":{"line":1,"column":0},"end":{"line":3,"column":1}},"type":"if","locations":[{"start":{"line":1,"column":0},"end":{"line":3,"column":1}},{"start":{"line":1,"column":0},"end":{"line":3,"column":1}}],"line":1},"1":{"loc":{"start":{"line":9,"column":13},"end":{"line":9,"column":37}},"type":"binary-expr","locations":[{"start":{"line":9,"column":13},"end":{"line":9,"column":29}},{"start":{"line":9,"column":33},"end":{"line":9,"column":37}}],"line":9}},"s":{"0":5,"1":5,"2":5,"3":5,"4":5,"5":5,"6":5,"7":5,"8":5,"9":5,"10":5,"11":5,"12":5,"13":5},"f":{},"b":{"0":[5,0],"1":[5,5]},"_coverageSchema":"1a1c01bbd47fc00a2c39e90264f33305004495a9","hash":"e035eada7963409d737cd1e8ae1835100246888e"}
,"D:\\Hacktiv8\\Fase Immersive 3\\Week 4\\Kelola-Kosan-Server\\controllers\\expenseController.js": {"path":"D:\\Hacktiv8\\Fase Immersive 3\\Week 4\\Kelola-Kosan-Server\\controllers\\expenseController.js","statementMap":{"0":{"start":{"line":1,"column":18},"end":{"line":1,"column":38}},"1":{"start":{"line":5,"column":44},"end":{"line":5,"column":52}},"2":{"start":{"line":6,"column":8},"end":{"line":6,"column":45}},"3":{"start":{"line":7,"column":19},"end":{"line":7,"column":33}},"4":{"start":{"line":8,"column":8},"end":{"line":21,"column":9}},"5":{"start":{"line":9,"column":25},"end":{"line":15,"column":14}},"6":{"start":{"line":17,"column":12},"end":{"line":17,"column":38}},"7":{"start":{"line":20,"column":12},"end":{"line":20,"column":21}},"8":{"start":{"line":25,"column":8},"end":{"line":32,"column":9}},"9":{"start":{"line":26,"column":25},"end":{"line":26,"column":48}},"10":{"start":{"line":28,"column":12},"end":{"line":28,"column":39}},"11":{"start":{"line":31,"column":12},"end":{"line":31,"column":21}},"12":{"start":{"line":36,"column":17},"end":{"line":36,"column":30}},"13":{"start":{"line":37,"column":8},"end":{"line":51,"column":9}},"14":{"start":{"line":38,"column":25},"end":{"line":42,"column":14}},"15":{"start":{"line":44,"column":12},"end":{"line":48,"column":14}},"16":{"start":{"line":45,"column":16},"end":{"line":45,"column":63}},"17":{"start":{"line":47,"column":17},"end":{"line":47,"column":43}},"18":{"start":{"line":50,"column":12},"end":{"line":50,"column":21}},"19":{"start":{"line":56,"column":44},"end":{"line":56,"column":52}},"20":{"start":{"line":57,"column":17},"end":{"line":57,"column":31}},"21":{"start":{"line":58,"column":19},"end":{"line":63,"column":13}},"22":{"start":{"line":64,"column":8},"end":{"line":78,"column":9}},"23":{"start":{"line":65,"column":28},"end":{"line":65,"column":70}},"24":{"start":{"line":66,"column":12},"end":{"line":75,"column":13}},"25":{"start":{"line":67,"column":16},"end":{"line":67,"column":63}},"26":{"start":{"line":69,"column":32},"end":{"line":69,"column":98}},"27":{"start":{"line":70,"column":16},"end":{"line":74,"column":17}},"28":{"start":{"line":71,"column":20},"end":{"line":71,"column":67}},"29":{"start":{"line":73,"column":20},"end":{"line":73,"column":55}},"30":{"start":{"line":77,"column":12},"end":{"line":77,"column":21}},"31":{"start":{"line":83,"column":24},"end":{"line":83,"column":32}},"32":{"start":{"line":84,"column":17},"end":{"line":84,"column":31}},"33":{"start":{"line":85,"column":8},"end":{"line":101,"column":9}},"34":{"start":{"line":86,"column":25},"end":{"line":86,"column":67}},"35":{"start":{"line":87,"column":12},"end":{"line":98,"column":13}},"36":{"start":{"line":88,"column":16},"end":{"line":88,"column":63}},"37":{"start":{"line":90,"column":32},"end":{"line":90,"column":110}},"38":{"start":{"line":91,"column":16},"end":{"line":97,"column":17}},"39":{"start":{"line":92,"column":20},"end":{"line":92,"column":67}},"40":{"start":{"line":94,"column":20},"end":{"line":96,"column":22}},"41":{"start":{"line":100,"column":12},"end":{"line":100,"column":21}},"42":{"start":{"line":106,"column":17},"end":{"line":106,"column":31}},"43":{"start":{"line":107,"column":8},"end":{"line":123,"column":9}},"44":{"start":{"line":108,"column":25},"end":{"line":108,"column":67}},"45":{"start":{"line":109,"column":12},"end":{"line":120,"column":13}},"46":{"start":{"line":110,"column":16},"end":{"line":110,"column":63}},"47":{"start":{"line":112,"column":32},"end":{"line":112,"column":93}},"48":{"start":{"line":113,"column":16},"end":{"line":119,"column":17}},"49":{"start":{"line":114,"column":20},"end":{"line":114,"column":67}},"50":{"start":{"line":116,"column":20},"end":{"line":118,"column":22}},"51":{"start":{"line":122,"column":12},"end":{"line":122,"column":21}},"52":{"start":{"line":127,"column":0},"end":{"line":127,"column":35}}},"fnMap":{"0":{"name":"(anonymous_0)","decl":{"start":{"line":4,"column":4},"end":{"line":4,"column":5}},"loc":{"start":{"line":4,"column":44},"end":{"line":22,"column":5}},"line":4},"1":{"name":"(anonymous_1)","decl":{"start":{"line":24,"column":4},"end":{"line":24,"column":5}},"loc":{"start":{"line":24,"column":44},"end":{"line":33,"column":5}},"line":24},"2":{"name":"(anonymous_2)","decl":{"start":{"line":35,"column":4},"end":{"line":35,"column":5}},"loc":{"start":{"line":35,"column":46},"end":{"line":53,"column":5}},"line":35},"3":{"name":"(anonymous_3)","decl":{"start":{"line":55,"column":4},"end":{"line":55,"column":5}},"loc":{"start":{"line":55,"column":46},"end":{"line":80,"column":5}},"line":55},"4":{"name":"(anonymous_4)","decl":{"start":{"line":82,"column":4},"end":{"line":82,"column":5}},"loc":{"start":{"line":82,"column":49},"end":{"line":102,"column":5}},"line":82},"5":{"name":"(anonymous_5)","decl":{"start":{"line":105,"column":4},"end":{"line":105,"column":5}},"loc":{"start":{"line":105,"column":49},"end":{"line":124,"column":5}},"line":105}},"branchMap":{"0":{"loc":{"start":{"line":44,"column":12},"end":{"line":48,"column":14}},"type":"if","locations":[{"start":{"line":44,"column":12},"end":{"line":48,"column":14}},{"start":{"line":44,"column":12},"end":{"line":48,"column":14}}],"line":44},"1":{"loc":{"start":{"line":66,"column":12},"end":{"line":75,"column":13}},"type":"if","locations":[{"start":{"line":66,"column":12},"end":{"line":75,"column":13}},{"start":{"line":66,"column":12},"end":{"line":75,"column":13}}],"line":66},"2":{"loc":{"start":{"line":70,"column":16},"end":{"line":74,"column":17}},"type":"if","locations":[{"start":{"line":70,"column":16},"end":{"line":74,"column":17}},{"start":{"line":70,"column":16},"end":{"line":74,"column":17}}],"line":70},"3":{"loc":{"start":{"line":87,"column":12},"end":{"line":98,"column":13}},"type":"if","locations":[{"start":{"line":87,"column":12},"end":{"line":98,"column":13}},{"start":{"line":87,"column":12},"end":{"line":98,"column":13}}],"line":87},"4":{"loc":{"start":{"line":91,"column":16},"end":{"line":97,"column":17}},"type":"if","locations":[{"start":{"line":91,"column":16},"end":{"line":97,"column":17}},{"start":{"line":91,"column":16},"end":{"line":97,"column":17}}],"line":91},"5":{"loc":{"start":{"line":109,"column":12},"end":{"line":120,"column":13}},"type":"if","locations":[{"start":{"line":109,"column":12},"end":{"line":120,"column":13}},{"start":{"line":109,"column":12},"end":{"line":120,"column":13}}],"line":109},"6":{"loc":{"start":{"line":113,"column":16},"end":{"line":119,"column":17}},"type":"if","locations":[{"start":{"line":113,"column":16},"end":{"line":119,"column":17}},{"start":{"line":113,"column":16},"end":{"line":119,"column":17}}],"line":113}},"s":{"0":5,"1":0,"2":0,"3":0,"4":0,"5":0,"6":0,"7":0,"8":0,"9":0,"10":0,"11":0,"12":0,"13":0,"14":0,"15":0,"16":0,"17":0,"18":0,"19":0,"20":0,"21":0,"22":0,"23":0,"24":0,"25":0,"26":0,"27":0,"28":0,"29":0,"30":0,"31":0,"32":0,"33":0,"34":0,"35":0,"36":0,"37":0,"38":0,"39":0,"40":0,"41":0,"42":0,"43":0,"44":0,"45":0,"46":0,"47":0,"48":0,"49":0,"50":0,"51":0,"52":5},"f":{"0":0,"1":0,"2":0,"3":0,"4":0,"5":0},"b":{"0":[0,0],"1":[0,0],"2":[0,0],"3":[0,0],"4":[0,0],"5":[0,0],"6":[0,0]},"_coverageSchema":"1a1c01bbd47fc00a2c39e90264f33305004495a9","hash":"f5b7381a168c9908e5b268963cd2c2a3e5b31b86"}
,"D:\\Hacktiv8\\Fase Immersive 3\\Week 4\\Kelola-Kosan-Server\\controllers\\paymentController.js": {"path":"D:\\Hacktiv8\\Fase Immersive 3\\Week 4\\Kelola-Kosan-Server\\controllers\\paymentController.js","statementMap":{"0":{"start":{"line":1,"column":32},"end":{"line":1,"column":52}},"1":{"start":{"line":6,"column":51},"end":{"line":6,"column":59}},"2":{"start":{"line":7,"column":33},"end":{"line":7,"column":43}},"3":{"start":{"line":9,"column":8},"end":{"line":23,"column":10}},"4":{"start":{"line":18,"column":12},"end":{"line":18,"column":39}},"5":{"start":{"line":21,"column":12},"end":{"line":21,"column":29}},"6":{"start":{"line":22,"column":12},"end":{"line":22,"column":22}},"7":{"start":{"line":28,"column":8},"end":{"line":43,"column":10}},"8":{"start":{"line":39,"column":12},"end":{"line":39,"column":39}},"9":{"start":{"line":42,"column":12},"end":{"line":42,"column":22}},"10":{"start":{"line":47,"column":17},"end":{"line":47,"column":30}},"11":{"start":{"line":49,"column":8},"end":{"line":67,"column":10}},"12":{"start":{"line":56,"column":12},"end":{"line":62,"column":13}},"13":{"start":{"line":57,"column":16},"end":{"line":57,"column":48}},"14":{"start":{"line":59,"column":16},"end":{"line":61,"column":18}},"15":{"start":{"line":65,"column":12},"end":{"line":65,"column":29}},"16":{"start":{"line":66,"column":12},"end":{"line":66,"column":22}},"17":{"start":{"line":71,"column":17},"end":{"line":71,"column":30}},"18":{"start":{"line":73,"column":8},"end":{"line":85,"column":14}},"19":{"start":{"line":75,"column":16},"end":{"line":75,"column":63}},"20":{"start":{"line":76,"column":16},"end":{"line":80,"column":17}},"21":{"start":{"line":77,"column":20},"end":{"line":77,"column":51}},"22":{"start":{"line":79,"column":20},"end":{"line":79,"column":47}},"23":{"start":{"line":83,"column":16},"end":{"line":83,"column":33}},"24":{"start":{"line":84,"column":16},"end":{"line":84,"column":26}},"25":{"start":{"line":89,"column":0},"end":{"line":89,"column":35}}},"fnMap":{"0":{"name":"(anonymous_0)","decl":{"start":{"line":5,"column":4},"end":{"line":5,"column":5}},"loc":{"start":{"line":5,"column":41},"end":{"line":24,"column":5}},"line":5},"1":{"name":"(anonymous_1)","decl":{"start":{"line":17,"column":14},"end":{"line":17,"column":15}},"loc":{"start":{"line":17,"column":22},"end":{"line":19,"column":9}},"line":17},"2":{"name":"(anonymous_2)","decl":{"start":{"line":20,"column":15},"end":{"line":20,"column":16}},"loc":{"start":{"line":20,"column":22},"end":{"line":23,"column":9}},"line":20},"3":{"name":"(anonymous_3)","decl":{"start":{"line":26,"column":4},"end":{"line":26,"column":5}},"loc":{"start":{"line":26,"column":40},"end":{"line":44,"column":5}},"line":26},"4":{"name":"(anonymous_4)","decl":{"start":{"line":38,"column":14},"end":{"line":38,"column":15}},"loc":{"start":{"line":38,"column":22},"end":{"line":40,"column":9}},"line":38},"5":{"name":"(anonymous_5)","decl":{"start":{"line":41,"column":15},"end":{"line":41,"column":16}},"loc":{"start":{"line":41,"column":22},"end":{"line":43,"column":9}},"line":41},"6":{"name":"(anonymous_6)","decl":{"start":{"line":46,"column":4},"end":{"line":46,"column":5}},"loc":{"start":{"line":46,"column":41},"end":{"line":68,"column":5}},"line":46},"7":{"name":"(anonymous_7)","decl":{"start":{"line":54,"column":14},"end":{"line":54,"column":15}},"loc":{"start":{"line":54,"column":22},"end":{"line":63,"column":9}},"line":54},"8":{"name":"(anonymous_8)","decl":{"start":{"line":64,"column":15},"end":{"line":64,"column":16}},"loc":{"start":{"line":64,"column":22},"end":{"line":67,"column":9}},"line":64},"9":{"name":"(anonymous_9)","decl":{"start":{"line":70,"column":4},"end":{"line":70,"column":5}},"loc":{"start":{"line":70,"column":43},"end":{"line":86,"column":5}},"line":70},"10":{"name":"(anonymous_10)","decl":{"start":{"line":74,"column":18},"end":{"line":74,"column":19}},"loc":{"start":{"line":74,"column":26},"end":{"line":81,"column":13}},"line":74},"11":{"name":"(anonymous_11)","decl":{"start":{"line":82,"column":19},"end":{"line":82,"column":20}},"loc":{"start":{"line":82,"column":26},"end":{"line":85,"column":13}},"line":82}},"branchMap":{"0":{"loc":{"start":{"line":56,"column":12},"end":{"line":62,"column":13}},"type":"if","locations":[{"start":{"line":56,"column":12},"end":{"line":62,"column":13}},{"start":{"line":56,"column":12},"end":{"line":62,"column":13}}],"line":56},"1":{"loc":{"start":{"line":76,"column":16},"end":{"line":80,"column":17}},"type":"if","locations":[{"start":{"line":76,"column":16},"end":{"line":80,"column":17}},{"start":{"line":76,"column":16},"end":{"line":80,"column":17}}],"line":76}},"s":{"0":5,"1":2,"2":2,"3":2,"4":1,"5":1,"6":1,"7":1,"8":1,"9":0,"10":0,"11":0,"12":0,"13":0,"14":0,"15":0,"16":0,"17":0,"18":0,"19":0,"20":0,"21":0,"22":0,"23":0,"24":0,"25":5},"f":{"0":2,"1":1,"2":1,"3":1,"4":1,"5":0,"6":0,"7":0,"8":0,"9":0,"10":0,"11":0},"b":{"0":[0,0],"1":[0,0]},"_coverageSchema":"1a1c01bbd47fc00a2c39e90264f33305004495a9","hash":"217517c07a15d2bea6ed53bdd5f81dd5888d4206"}
,"D:\\Hacktiv8\\Fase Immersive 3\\Week 4\\Kelola-Kosan-Server\\controllers\\propertyController.js": {"path":"D:\\Hacktiv8\\Fase Immersive 3\\Week 4\\Kelola-Kosan-Server\\controllers\\propertyController.js","statementMap":{"0":{"start":{"line":1,"column":21},"end":{"line":1,"column":41}},"1":{"start":{"line":5,"column":18},"end":{"line":28,"column":3}},"2":{"start":{"line":7,"column":24},"end":{"line":13,"column":5}},"3":{"start":{"line":15,"column":4},"end":{"line":27,"column":30}},"4":{"start":{"line":18,"column":8},"end":{"line":25,"column":10}},"5":{"start":{"line":27,"column":20},"end":{"line":27,"column":29}},"6":{"start":{"line":30,"column":19},"end":{"line":37,"column":3}},"7":{"start":{"line":31,"column":4},"end":{"line":36,"column":30}},"8":{"start":{"line":34,"column":8},"end":{"line":34,"column":40}},"9":{"start":{"line":36,"column":20},"end":{"line":36,"column":29}},"10":{"start":{"line":39,"column":18},"end":{"line":53,"column":3}},"11":{"start":{"line":40,"column":15},"end":{"line":40,"column":28}},"12":{"start":{"line":42,"column":23},"end":{"line":47,"column":5}},"13":{"start":{"line":49,"column":4},"end":{"line":52,"column":30}},"14":{"start":{"line":51,"column":23},"end":{"line":51,"column":56}},"15":{"start":{"line":52,"column":20},"end":{"line":52,"column":29}},"16":{"start":{"line":55,"column":18},"end":{"line":65,"column":3}},"17":{"start":{"line":56,"column":15},"end":{"line":56,"column":29}},"18":{"start":{"line":58,"column":4},"end":{"line":64,"column":30}},"19":{"start":{"line":61,"column":8},"end":{"line":62,"column":64}},"20":{"start":{"line":61,"column":20},"end":{"line":61,"column":82}},"21":{"start":{"line":62,"column":13},"end":{"line":62,"column":64}},"22":{"start":{"line":64,"column":20},"end":{"line":64,"column":29}},"23":{"start":{"line":69,"column":0},"end":{"line":69,"column":35}}},"fnMap":{"0":{"name":"(anonymous_0)","decl":{"start":{"line":5,"column":18},"end":{"line":5,"column":19}},"loc":{"start":{"line":5,"column":38},"end":{"line":28,"column":3}},"line":5},"1":{"name":"(anonymous_1)","decl":{"start":{"line":17,"column":12},"end":{"line":17,"column":13}},"loc":{"start":{"line":17,"column":20},"end":{"line":26,"column":7}},"line":17},"2":{"name":"(anonymous_2)","decl":{"start":{"line":27,"column":13},"end":{"line":27,"column":14}},"loc":{"start":{"line":27,"column":20},"end":{"line":27,"column":29}},"line":27},"3":{"name":"(anonymous_3)","decl":{"start":{"line":30,"column":19},"end":{"line":30,"column":20}},"loc":{"start":{"line":30,"column":39},"end":{"line":37,"column":3}},"line":30},"4":{"name":"(anonymous_4)","decl":{"start":{"line":33,"column":12},"end":{"line":33,"column":13}},"loc":{"start":{"line":33,"column":26},"end":{"line":35,"column":7}},"line":33},"5":{"name":"(anonymous_5)","decl":{"start":{"line":36,"column":13},"end":{"line":36,"column":14}},"loc":{"start":{"line":36,"column":20},"end":{"line":36,"column":29}},"line":36},"6":{"name":"(anonymous_6)","decl":{"start":{"line":39,"column":18},"end":{"line":39,"column":19}},"loc":{"start":{"line":39,"column":38},"end":{"line":53,"column":3}},"line":39},"7":{"name":"(anonymous_7)","decl":{"start":{"line":51,"column":12},"end":{"line":51,"column":13}},"loc":{"start":{"line":51,"column":23},"end":{"line":51,"column":56}},"line":51},"8":{"name":"(anonymous_8)","decl":{"start":{"line":52,"column":13},"end":{"line":52,"column":14}},"loc":{"start":{"line":52,"column":20},"end":{"line":52,"column":29}},"line":52},"9":{"name":"(anonymous_9)","decl":{"start":{"line":55,"column":18},"end":{"line":55,"column":19}},"loc":{"start":{"line":55,"column":38},"end":{"line":65,"column":3}},"line":55},"10":{"name":"(anonymous_10)","decl":{"start":{"line":60,"column":12},"end":{"line":60,"column":13}},"loc":{"start":{"line":60,"column":23},"end":{"line":63,"column":7}},"line":60},"11":{"name":"(anonymous_11)","decl":{"start":{"line":64,"column":13},"end":{"line":64,"column":14}},"loc":{"start":{"line":64,"column":20},"end":{"line":64,"column":29}},"line":64}},"branchMap":{"0":{"loc":{"start":{"line":61,"column":8},"end":{"line":62,"column":64}},"type":"if","locations":[{"start":{"line":61,"column":8},"end":{"line":62,"column":64}},{"start":{"line":61,"column":8},"end":{"line":62,"column":64}}],"line":61}},"s":{"0":5,"1":5,"2":2,"3":2,"4":1,"5":1,"6":5,"7":1,"8":1,"9":0,"10":5,"11":1,"12":1,"13":1,"14":1,"15":0,"16":5,"17":0,"18":0,"19":0,"20":0,"21":0,"22":0,"23":5},"f":{"0":2,"1":1,"2":1,"3":1,"4":1,"5":0,"6":1,"7":1,"8":0,"9":0,"10":0,"11":0},"b":{"0":[0,0]},"_coverageSchema":"1a1c01bbd47fc00a2c39e90264f33305004495a9","hash":"d8bcfbc9281215af2d8a57bf9bb525c82bd144a1"}
,"D:\\Hacktiv8\\Fase Immersive 3\\Week 4\\Kelola-Kosan-Server\\controllers\\roomController.js": {"path":"D:\\Hacktiv8\\Fase Immersive 3\\Week 4\\Kelola-Kosan-Server\\controllers\\roomController.js","statementMap":{"0":{"start":{"line":1,"column":21},"end":{"line":1,"column":41}},"1":{"start":{"line":6,"column":8},"end":{"line":13,"column":14}},"2":{"start":{"line":8,"column":16},"end":{"line":8,"column":43}},"3":{"start":{"line":11,"column":16},"end":{"line":11,"column":32}},"4":{"start":{"line":12,"column":16},"end":{"line":12,"column":56}},"5":{"start":{"line":26,"column":44},"end":{"line":26,"column":52}},"6":{"start":{"line":27,"column":26},"end":{"line":27,"column":40}},"7":{"start":{"line":28,"column":28},"end":{"line":28,"column":53}},"8":{"start":{"line":29,"column":8},"end":{"line":48,"column":10}},"9":{"start":{"line":37,"column":12},"end":{"line":43,"column":14}},"10":{"start":{"line":46,"column":12},"end":{"line":46,"column":28}},"11":{"start":{"line":47,"column":12},"end":{"line":47,"column":22}},"12":{"start":{"line":52,"column":17},"end":{"line":52,"column":30}},"13":{"start":{"line":53,"column":8},"end":{"line":53,"column":37}},"14":{"start":{"line":54,"column":8},"end":{"line":64,"column":10}},"15":{"start":{"line":56,"column":12},"end":{"line":60,"column":13}},"16":{"start":{"line":57,"column":16},"end":{"line":57,"column":44}},"17":{"start":{"line":59,"column":16},"end":{"line":59,"column":43}},"18":{"start":{"line":63,"column":12},"end":{"line":63,"column":22}},"19":{"start":{"line":68,"column":17},"end":{"line":68,"column":30}},"20":{"start":{"line":69,"column":23},"end":{"line":69,"column":31}},"21":{"start":{"line":70,"column":8},"end":{"line":89,"column":10}},"22":{"start":{"line":78,"column":12},"end":{"line":78,"column":57}},"23":{"start":{"line":79,"column":12},"end":{"line":85,"column":13}},"24":{"start":{"line":80,"column":16},"end":{"line":80,"column":44}},"25":{"start":{"line":82,"column":16},"end":{"line":84,"column":19}},"26":{"start":{"line":88,"column":12},"end":{"line":88,"column":22}},"27":{"start":{"line":93,"column":17},"end":{"line":93,"column":30}},"28":{"start":{"line":94,"column":44},"end":{"line":94,"column":52}},"29":{"start":{"line":96,"column":8},"end":{"line":117,"column":10}},"30":{"start":{"line":107,"column":12},"end":{"line":113,"column":13}},"31":{"start":{"line":108,"column":16},"end":{"line":108,"column":44}},"32":{"start":{"line":110,"column":16},"end":{"line":112,"column":19}},"33":{"start":{"line":116,"column":12},"end":{"line":116,"column":21}},"34":{"start":{"line":121,"column":17},"end":{"line":121,"column":30}},"35":{"start":{"line":123,"column":8},"end":{"line":140,"column":10}},"36":{"start":{"line":129,"column":12},"end":{"line":135,"column":13}},"37":{"start":{"line":130,"column":16},"end":{"line":130,"column":44}},"38":{"start":{"line":132,"column":16},"end":{"line":134,"column":18}},"39":{"start":{"line":138,"column":12},"end":{"line":138,"column":29}},"40":{"start":{"line":139,"column":12},"end":{"line":139,"column":22}},"41":{"start":{"line":144,"column":0},"end":{"line":144,"column":32}}},"fnMap":{"0":{"name":"(anonymous_0)","decl":{"start":{"line":5,"column":4},"end":{"line":5,"column":5}},"loc":{"start":{"line":5,"column":37},"end":{"line":14,"column":5}},"line":5},"1":{"name":"(anonymous_1)","decl":{"start":{"line":7,"column":18},"end":{"line":7,"column":19}},"loc":{"start":{"line":7,"column":26},"end":{"line":9,"column":13}},"line":7},"2":{"name":"(anonymous_2)","decl":{"start":{"line":10,"column":19},"end":{"line":10,"column":20}},"loc":{"start":{"line":10,"column":26},"end":{"line":13,"column":13}},"line":10},"3":{"name":"(anonymous_3)","decl":{"start":{"line":25,"column":4},"end":{"line":25,"column":5}},"loc":{"start":{"line":25,"column":35},"end":{"line":49,"column":5}},"line":25},"4":{"name":"(anonymous_4)","decl":{"start":{"line":36,"column":14},"end":{"line":36,"column":15}},"loc":{"start":{"line":36,"column":22},"end":{"line":44,"column":9}},"line":36},"5":{"name":"(anonymous_5)","decl":{"start":{"line":45,"column":15},"end":{"line":45,"column":16}},"loc":{"start":{"line":45,"column":22},"end":{"line":48,"column":9}},"line":45},"6":{"name":"(anonymous_6)","decl":{"start":{"line":51,"column":4},"end":{"line":51,"column":5}},"loc":{"start":{"line":51,"column":39},"end":{"line":65,"column":5}},"line":51},"7":{"name":"(anonymous_7)","decl":{"start":{"line":55,"column":14},"end":{"line":55,"column":15}},"loc":{"start":{"line":55,"column":22},"end":{"line":61,"column":9}},"line":55},"8":{"name":"(anonymous_8)","decl":{"start":{"line":62,"column":15},"end":{"line":62,"column":16}},"loc":{"start":{"line":62,"column":22},"end":{"line":64,"column":9}},"line":62},"9":{"name":"(anonymous_9)","decl":{"start":{"line":67,"column":4},"end":{"line":67,"column":5}},"loc":{"start":{"line":67,"column":40},"end":{"line":90,"column":5}},"line":67},"10":{"name":"(anonymous_10)","decl":{"start":{"line":77,"column":14},"end":{"line":77,"column":15}},"loc":{"start":{"line":77,"column":22},"end":{"line":86,"column":9}},"line":77},"11":{"name":"(anonymous_11)","decl":{"start":{"line":87,"column":15},"end":{"line":87,"column":16}},"loc":{"start":{"line":87,"column":22},"end":{"line":89,"column":9}},"line":87},"12":{"name":"(anonymous_12)","decl":{"start":{"line":92,"column":4},"end":{"line":92,"column":5}},"loc":{"start":{"line":92,"column":38},"end":{"line":118,"column":5}},"line":92},"13":{"name":"(anonymous_13)","decl":{"start":{"line":105,"column":16},"end":{"line":105,"column":17}},"loc":{"start":{"line":105,"column":24},"end":{"line":114,"column":9}},"line":105},"14":{"name":"(anonymous_14)","decl":{"start":{"line":115,"column":15},"end":{"line":115,"column":16}},"loc":{"start":{"line":115,"column":22},"end":{"line":117,"column":9}},"line":115},"15":{"name":"(anonymous_15)","decl":{"start":{"line":120,"column":4},"end":{"line":120,"column":5}},"loc":{"start":{"line":120,"column":38},"end":{"line":141,"column":5}},"line":120},"16":{"name":"(anonymous_16)","decl":{"start":{"line":128,"column":14},"end":{"line":128,"column":15}},"loc":{"start":{"line":128,"column":22},"end":{"line":136,"column":9}},"line":128},"17":{"name":"(anonymous_17)","decl":{"start":{"line":137,"column":15},"end":{"line":137,"column":16}},"loc":{"start":{"line":137,"column":22},"end":{"line":140,"column":9}},"line":137}},"branchMap":{"0":{"loc":{"start":{"line":56,"column":12},"end":{"line":60,"column":13}},"type":"if","locations":[{"start":{"line":56,"column":12},"end":{"line":60,"column":13}},{"start":{"line":56,"column":12},"end":{"line":60,"column":13}}],"line":56},"1":{"loc":{"start":{"line":79,"column":12},"end":{"line":85,"column":13}},"type":"if","locations":[{"start":{"line":79,"column":12},"end":{"line":85,"column":13}},{"start":{"line":79,"column":12},"end":{"line":85,"column":13}}],"line":79},"2":{"loc":{"start":{"line":107,"column":12},"end":{"line":113,"column":13}},"type":"if","locations":[{"start":{"line":107,"column":12},"end":{"line":113,"column":13}},{"start":{"line":107,"column":12},"end":{"line":113,"column":13}}],"line":107},"3":{"loc":{"start":{"line":129,"column":12},"end":{"line":135,"column":13}},"type":"if","locations":[{"start":{"line":129,"column":12},"end":{"line":135,"column":13}},{"start":{"line":129,"column":12},"end":{"line":135,"column":13}}],"line":129}},"s":{"0":5,"1":1,"2":1,"3":0,"4":0,"5":1,"6":1,"7":1,"8":1,"9":1,"10":0,"11":0,"12":2,"13":2,"14":2,"15":2,"16":1,"17":1,"18":0,"19":2,"20":2,"21":2,"22":2,"23":2,"24":1,"25":1,"26":0,"27":2,"28":2,"29":2,"30":2,"31":1,"32":1,"33":0,"34":2,"35":2,"36":2,"37":1,"38":1,"39":0,"40":0,"41":5},"f":{"0":1,"1":1,"2":0,"3":1,"4":1,"5":0,"6":2,"7":2,"8":0,"9":2,"10":2,"11":0,"12":2,"13":2,"14":0,"15":2,"16":2,"17":0},"b":{"0":[1,1],"1":[1,1],"2":[1,1],"3":[1,1]},"_coverageSchema":"1a1c01bbd47fc00a2c39e90264f33305004495a9","hash":"fc4981ad432cae7ee2dc19c4f4fc5df44cf88e4c"}
,"D:\\Hacktiv8\\Fase Immersive 3\\Week 4\\Kelola-Kosan-Server\\controllers\\tenantController.js": {"path":"D:\\Hacktiv8\\Fase Immersive 3\\Week 4\\Kelola-Kosan-Server\\controllers\\tenantController.js","statementMap":{"0":{"start":{"line":1,"column":25},"end":{"line":1,"column":45}},"1":{"start":{"line":2,"column":14},"end":{"line":2,"column":30}},"2":{"start":{"line":6,"column":56},"end":{"line":6,"column":64}},"3":{"start":{"line":7,"column":8},"end":{"line":7,"column":45}},"4":{"start":{"line":8,"column":19},"end":{"line":8,"column":33}},"5":{"start":{"line":9,"column":8},"end":{"line":23,"column":9}},"6":{"start":{"line":10,"column":25},"end":{"line":17,"column":14}},"7":{"start":{"line":19,"column":12},"end":{"line":19,"column":38}},"8":{"start":{"line":22,"column":12},"end":{"line":22,"column":21}},"9":{"start":{"line":27,"column":8},"end":{"line":34,"column":9}},"10":{"start":{"line":28,"column":25},"end":{"line":28,"column":47}},"11":{"start":{"line":30,"column":12},"end":{"line":30,"column":39}},"12":{"start":{"line":33,"column":12},"end":{"line":33,"column":21}},"13":{"start":{"line":38,"column":17},"end":{"line":38,"column":30}},"14":{"start":{"line":39,"column":8},"end":{"line":53,"column":9}},"15":{"start":{"line":40,"column":25},"end":{"line":44,"column":14}},"16":{"start":{"line":46,"column":12},"end":{"line":50,"column":14}},"17":{"start":{"line":47,"column":16},"end":{"line":47,"column":63}},"18":{"start":{"line":49,"column":17},"end":{"line":49,"column":43}},"19":{"start":{"line":52,"column":12},"end":{"line":52,"column":21}},"20":{"start":{"line":58,"column":56},"end":{"line":58,"column":64}},"21":{"start":{"line":59,"column":17},"end":{"line":59,"column":31}},"22":{"start":{"line":60,"column":19},"end":{"line":66,"column":9}},"23":{"start":{"line":67,"column":8},"end":{"line":81,"column":9}},"24":{"start":{"line":68,"column":28},"end":{"line":68,"column":69}},"25":{"start":{"line":69,"column":12},"end":{"line":78,"column":13}},"26":{"start":{"line":70,"column":16},"end":{"line":70,"column":63}},"27":{"start":{"line":72,"column":32},"end":{"line":72,"column":97}},"28":{"start":{"line":73,"column":16},"end":{"line":77,"column":17}},"29":{"start":{"line":74,"column":20},"end":{"line":74,"column":67}},"30":{"start":{"line":76,"column":20},"end":{"line":76,"column":55}},"31":{"start":{"line":80,"column":12},"end":{"line":80,"column":21}},"32":{"start":{"line":86,"column":24},"end":{"line":86,"column":32}},"33":{"start":{"line":87,"column":17},"end":{"line":87,"column":31}},"34":{"start":{"line":88,"column":8},"end":{"line":104,"column":9}},"35":{"start":{"line":89,"column":25},"end":{"line":89,"column":66}},"36":{"start":{"line":90,"column":12},"end":{"line":101,"column":13}},"37":{"start":{"line":91,"column":16},"end":{"line":91,"column":63}},"38":{"start":{"line":93,"column":32},"end":{"line":93,"column":109}},"39":{"start":{"line":94,"column":16},"end":{"line":100,"column":17}},"40":{"start":{"line":95,"column":20},"end":{"line":95,"column":67}},"41":{"start":{"line":97,"column":20},"end":{"line":99,"column":22}},"42":{"start":{"line":103,"column":12},"end":{"line":103,"column":21}},"43":{"start":{"line":109,"column":17},"end":{"line":109,"column":31}},"44":{"start":{"line":110,"column":8},"end":{"line":126,"column":9}},"45":{"start":{"line":111,"column":25},"end":{"line":111,"column":66}},"46":{"start":{"line":112,"column":12},"end":{"line":123,"column":13}},"47":{"start":{"line":113,"column":16},"end":{"line":113,"column":63}},"48":{"start":{"line":115,"column":32},"end":{"line":115,"column":92}},"49":{"start":{"line":116,"column":16},"end":{"line":122,"column":17}},"50":{"start":{"line":117,"column":20},"end":{"line":117,"column":67}},"51":{"start":{"line":119,"column":20},"end":{"line":121,"column":22}},"52":{"start":{"line":125,"column":12},"end":{"line":125,"column":21}},"53":{"start":{"line":131,"column":0},"end":{"line":131,"column":33}}},"fnMap":{"0":{"name":"(anonymous_0)","decl":{"start":{"line":5,"column":4},"end":{"line":5,"column":5}},"loc":{"start":{"line":5,"column":43},"end":{"line":24,"column":5}},"line":5},"1":{"name":"(anonymous_1)","decl":{"start":{"line":26,"column":4},"end":{"line":26,"column":5}},"loc":{"start":{"line":26,"column":43},"end":{"line":35,"column":5}},"line":26},"2":{"name":"(anonymous_2)","decl":{"start":{"line":37,"column":4},"end":{"line":37,"column":5}},"loc":{"start":{"line":37,"column":45},"end":{"line":55,"column":5}},"line":37},"3":{"name":"(anonymous_3)","decl":{"start":{"line":57,"column":4},"end":{"line":57,"column":5}},"loc":{"start":{"line":57,"column":45},"end":{"line":83,"column":5}},"line":57},"4":{"name":"(anonymous_4)","decl":{"start":{"line":85,"column":4},"end":{"line":85,"column":5}},"loc":{"start":{"line":85,"column":48},"end":{"line":105,"column":5}},"line":85},"5":{"name":"(anonymous_5)","decl":{"start":{"line":108,"column":4},"end":{"line":108,"column":5}},"loc":{"start":{"line":108,"column":48},"end":{"line":127,"column":5}},"line":108}},"branchMap":{"0":{"loc":{"start":{"line":46,"column":12},"end":{"line":50,"column":14}},"type":"if","locations":[{"start":{"line":46,"column":12},"end":{"line":50,"column":14}},{"start":{"line":46,"column":12},"end":{"line":50,"column":14}}],"line":46},"1":{"loc":{"start":{"line":69,"column":12},"end":{"line":78,"column":13}},"type":"if","locations":[{"start":{"line":69,"column":12},"end":{"line":78,"column":13}},{"start":{"line":69,"column":12},"end":{"line":78,"column":13}}],"line":69},"2":{"loc":{"start":{"line":73,"column":16},"end":{"line":77,"column":17}},"type":"if","locations":[{"start":{"line":73,"column":16},"end":{"line":77,"column":17}},{"start":{"line":73,"column":16},"end":{"line":77,"column":17}}],"line":73},"3":{"loc":{"start":{"line":90,"column":12},"end":{"line":101,"column":13}},"type":"if","locations":[{"start":{"line":90,"column":12},"end":{"line":101,"column":13}},{"start":{"line":90,"column":12},"end":{"line":101,"column":13}}],"line":90},"4":{"loc":{"start":{"line":94,"column":16},"end":{"line":100,"column":17}},"type":"if","locations":[{"start":{"line":94,"column":16},"end":{"line":100,"column":17}},{"start":{"line":94,"column":16},"end":{"line":100,"column":17}}],"line":94},"5":{"loc":{"start":{"line":112,"column":12},"end":{"line":123,"column":13}},"type":"if","locations":[{"start":{"line":112,"column":12},"end":{"line":123,"column":13}},{"start":{"line":112,"column":12},"end":{"line":123,"column":13}}],"line":112},"6":{"loc":{"start":{"line":116,"column":16},"end":{"line":122,"column":17}},"type":"if","locations":[{"start":{"line":116,"column":16},"end":{"line":122,"column":17}},{"start":{"line":116,"column":16},"end":{"line":122,"column":17}}],"line":116}},"s":{"0":5,"1":5,"2":4,"3":4,"4":4,"5":4,"6":4,"7":1,"8":3,"9":1,"10":1,"11":1,"12":0,"13":2,"14":2,"15":2,"16":2,"17":1,"18":1,"19":1,"20":4,"21":4,"22":4,"23":4,"24":4,"25":4,"26":0,"27":4,"28":1,"29":0,"30":1,"31":3,"32":0,"33":0,"34":0,"35":0,"36":0,"37":0,"38":0,"39":0,"40":0,"41":0,"42":0,"43":2,"44":2,"45":2,"46":2,"47":1,"48":1,"49":1,"50":0,"51":1,"52":1,"53":5},"f":{"0":4,"1":1,"2":2,"3":4,"4":0,"5":2},"b":{"0":[1,1],"1":[0,4],"2":[0,1],"3":[0,0],"4":[0,0],"5":[1,1],"6":[0,1]},"_coverageSchema":"1a1c01bbd47fc00a2c39e90264f33305004495a9","hash":"fc062df001f55e24ebbd6dbe4ffeb55c24031578"}
,"D:\\Hacktiv8\\Fase Immersive 3\\Week 4\\Kelola-Kosan-Server\\controllers\\userController.js": {"path":"D:\\Hacktiv8\\Fase Immersive 3\\Week 4\\Kelola-Kosan-Server\\controllers\\userController.js","statementMap":{"0":{"start":{"line":1,"column":17},"end":{"line":1,"column":37}},"1":{"start":{"line":2,"column":24},"end":{"line":2,"column":52}},"2":{"start":{"line":3,"column":26},"end":{"line":3,"column":57}},"3":{"start":{"line":7,"column":45},"end":{"line":7,"column":53}},"4":{"start":{"line":8,"column":8},"end":{"line":8,"column":29}},"5":{"start":{"line":9,"column":8},"end":{"line":23,"column":9}},"6":{"start":{"line":10,"column":25},"end":{"line":14,"column":14}},"7":{"start":{"line":15,"column":12},"end":{"line":19,"column":14}},"8":{"start":{"line":22,"column":12},"end":{"line":22,"column":21}},"9":{"start":{"line":27,"column":35},"end":{"line":27,"column":43}},"10":{"start":{"line":28,"column":8},"end":{"line":53,"column":9}},"11":{"start":{"line":29,"column":25},"end":{"line":33,"column":14}},"12":{"start":{"line":35,"column":12},"end":{"line":49,"column":13}},"13":{"start":{"line":36,"column":16},"end":{"line":36,"column":75}},"14":{"start":{"line":38,"column":36},"end":{"line":38,"column":74}},"15":{"start":{"line":39,"column":16},"end":{"line":48,"column":17}},"16":{"start":{"line":40,"column":20},"end":{"line":40,"column":79}},"17":{"start":{"line":42,"column":30},"end":{"line":45,"column":21}},"18":{"start":{"line":46,"column":41},"end":{"line":46,"column":59}},"19":{"start":{"line":47,"column":20},"end":{"line":47,"column":56}},"20":{"start":{"line":52,"column":12},"end":{"line":52,"column":21}},"21":{"start":{"line":59,"column":0},"end":{"line":59,"column":31}}},"fnMap":{"0":{"name":"(anonymous_0)","decl":{"start":{"line":6,"column":4},"end":{"line":6,"column":5}},"loc":{"start":{"line":6,"column":46},"end":{"line":24,"column":5}},"line":6},"1":{"name":"(anonymous_1)","decl":{"start":{"line":26,"column":4},"end":{"line":26,"column":5}},"loc":{"start":{"line":26,"column":43},"end":{"line":55,"column":5}},"line":26}},"branchMap":{"0":{"loc":{"start":{"line":35,"column":12},"end":{"line":49,"column":13}},"type":"if","locations":[{"start":{"line":35,"column":12},"end":{"line":49,"column":13}},{"start":{"line":35,"column":12},"end":{"line":49,"column":13}}],"line":35},"1":{"loc":{"start":{"line":39,"column":16},"end":{"line":48,"column":17}},"type":"if","locations":[{"start":{"line":39,"column":16},"end":{"line":48,"column":17}},{"start":{"line":39,"column":16},"end":{"line":48,"column":17}}],"line":39}},"s":{"0":5,"1":5,"2":5,"3":4,"4":4,"5":4,"6":4,"7":1,"8":3,"9":5,"10":5,"11":5,"12":5,"13":2,"14":3,"15":3,"16":0,"17":3,"18":3,"19":3,"20":2,"21":5},"f":{"0":4,"1":5},"b":{"0":[2,3],"1":[0,3]},"_coverageSchema":"1a1c01bbd47fc00a2c39e90264f33305004495a9","hash":"d5573a95979b0359c346cb129195da8899edc3c6"}
,"D:\\Hacktiv8\\Fase Immersive 3\\Week 4\\Kelola-Kosan-Server\\helpers\\bcrypt.js": {"path":"D:\\Hacktiv8\\Fase Immersive 3\\Week 4\\Kelola-Kosan-Server\\helpers\\bcrypt.js","statementMap":{"0":{"start":{"line":1,"column":15},"end":{"line":1,"column":32}},"1":{"start":{"line":2,"column":19},"end":{"line":2,"column":21}},"2":{"start":{"line":5,"column":17},"end":{"line":5,"column":47}},"3":{"start":{"line":6,"column":17},"end":{"line":6,"column":44}},"4":{"start":{"line":7,"column":4},"end":{"line":7,"column":15}},"5":{"start":{"line":11,"column":4},"end":{"line":11,"column":56}},"6":{"start":{"line":14,"column":0},"end":{"line":14,"column":46}}},"fnMap":{"0":{"name":"hashPassword","decl":{"start":{"line":4,"column":9},"end":{"line":4,"column":21}},"loc":{"start":{"line":4,"column":28},"end":{"line":8,"column":1}},"line":4},"1":{"name":"checkPassword","decl":{"start":{"line":10,"column":9},"end":{"line":10,"column":22}},"loc":{"start":{"line":10,"column":50},"end":{"line":12,"column":1}},"line":10}},"branchMap":{},"s":{"0":5,"1":5,"2":5,"3":5,"4":5,"5":3,"6":5},"f":{"0":5,"1":3},"b":{},"_coverageSchema":"1a1c01bbd47fc00a2c39e90264f33305004495a9","hash":"d3089dd940c6bdc38416d6f898339fa5720b34d2"}
,"D:\\Hacktiv8\\Fase Immersive 3\\Week 4\\Kelola-Kosan-Server\\helpers\\jwt.js": {"path":"D:\\Hacktiv8\\Fase Immersive 3\\Week 4\\Kelola-Kosan-Server\\helpers\\jwt.js","statementMap":{"0":{"start":{"line":1,"column":12},"end":{"line":1,"column":35}},"1":{"start":{"line":2,"column":15},"end":{"line":2,"column":33}},"2":{"start":{"line":6,"column":34},"end":{"line":6,"column":38}},"3":{"start":{"line":7,"column":23},"end":{"line":7,"column":74}},"4":{"start":{"line":9,"column":4},"end":{"line":9,"column":23}},"5":{"start":{"line":13,"column":4},"end":{"line":13,"column":48}},"6":{"start":{"line":16,"column":0},"end":{"line":16,"column":47}}},"fnMap":{"0":{"name":"generateToken","decl":{"start":{"line":4,"column":9},"end":{"line":4,"column":22}},"loc":{"start":{"line":4,"column":29},"end":{"line":10,"column":1}},"line":4},"1":{"name":"verifyToken","decl":{"start":{"line":12,"column":9},"end":{"line":12,"column":20}},"loc":{"start":{"line":12,"column":28},"end":{"line":14,"column":1}},"line":12}},"branchMap":{},"s":{"0":5,"1":5,"2":7,"3":7,"4":7,"5":33,"6":5},"f":{"0":7,"1":33},"b":{},"_coverageSchema":"1a1c01bbd47fc00a2c39e90264f33305004495a9","hash":"94c23234416eda5016f94203e0e752b6167ad7be"}
,"D:\\Hacktiv8\\Fase Immersive 3\\Week 4\\Kelola-Kosan-Server\\middlewares\\auth.js": {"path":"D:\\Hacktiv8\\Fase Immersive 3\\Week 4\\Kelola-Kosan-Server\\middlewares\\auth.js","statementMap":{"0":{"start":{"line":1,"column":23},"end":{"line":1,"column":48}},"1":{"start":{"line":2,"column":33},"end":{"line":2,"column":53}},"2":{"start":{"line":5,"column":4},"end":{"line":36,"column":5}},"3":{"start":{"line":7,"column":31},"end":{"line":7,"column":42}},"4":{"start":{"line":8,"column":8},"end":{"line":33,"column":9}},"5":{"start":{"line":9,"column":27},"end":{"line":9,"column":52}},"6":{"start":{"line":10,"column":30},"end":{"line":17,"column":14}},"7":{"start":{"line":18,"column":12},"end":{"line":29,"column":13}},"8":{"start":{"line":19,"column":36},"end":{"line":19,"column":54}},"9":{"start":{"line":20,"column":16},"end":{"line":24,"column":17}},"10":{"start":{"line":25,"column":16},"end":{"line":25,"column":71}},"11":{"start":{"line":26,"column":16},"end":{"line":26,"column":22}},"12":{"start":{"line":28,"column":16},"end":{"line":28,"column":71}},"13":{"start":{"line":31,"column":12},"end":{"line":31,"column":42}},"14":{"start":{"line":35,"column":8},"end":{"line":35,"column":17}},"15":{"start":{"line":57,"column":0},"end":{"line":57,"column":33}}},"fnMap":{"0":{"name":"authentication","decl":{"start":{"line":4,"column":15},"end":{"line":4,"column":29}},"loc":{"start":{"line":4,"column":46},"end":{"line":37,"column":1}},"line":4}},"branchMap":{"0":{"loc":{"start":{"line":8,"column":8},"end":{"line":33,"column":9}},"type":"if","locations":[{"start":{"line":8,"column":8},"end":{"line":33,"column":9}},{"start":{"line":8,"column":8},"end":{"line":33,"column":9}}],"line":8},"1":{"loc":{"start":{"line":18,"column":12},"end":{"line":29,"column":13}},"type":"if","locations":[{"start":{"line":18,"column":12},"end":{"line":29,"column":13}},{"start":{"line":18,"column":12},"end":{"line":29,"column":13}}],"line":18}},"s":{"0":5,"1":5,"2":42,"3":42,"4":42,"5":33,"6":31,"7":31,"8":31,"9":31,"10":31,"11":31,"12":0,"13":9,"14":2,"15":5},"f":{"0":42},"b":{"0":[33,9],"1":[31,0]},"_coverageSchema":"1a1c01bbd47fc00a2c39e90264f33305004495a9","hash":"7bc669ab00f432b3193c3e112d82fceaef005f61"}
,"D:\\Hacktiv8\\Fase Immersive 3\\Week 4\\Kelola-Kosan-Server\\middlewares\\errorHandler.js": {"path":"D:\\Hacktiv8\\Fase Immersive 3\\Week 4\\Kelola-Kosan-Server\\middlewares\\errorHandler.js","statementMap":{"0":{"start":{"line":2,"column":4},"end":{"line":2,"column":20}},"1":{"start":{"line":3,"column":4},"end":{"line":3,"column":56}},"2":{"start":{"line":4,"column":4},"end":{"line":29,"column":5}},"3":{"start":{"line":6,"column":27},"end":{"line":6,"column":29}},"4":{"start":{"line":7,"column":12},"end":{"line":9,"column":14}},"5":{"start":{"line":8,"column":16},"end":{"line":8,"column":40}},"6":{"start":{"line":11,"column":12},"end":{"line":11,"column":66}},"7":{"start":{"line":12,"column":12},"end":{"line":12,"column":17}},"8":{"start":{"line":15,"column":12},"end":{"line":15,"column":56}},"9":{"start":{"line":16,"column":12},"end":{"line":16,"column":17}},"10":{"start":{"line":18,"column":12},"end":{"line":18,"column":61}},"11":{"start":{"line":19,"column":12},"end":{"line":19,"column":17}},"12":{"start":{"line":21,"column":12},"end":{"line":21,"column":61}},"13":{"start":{"line":22,"column":12},"end":{"line":22,"column":17}},"14":{"start":{"line":24,"column":12},"end":{"line":24,"column":91}},"15":{"start":{"line":25,"column":12},"end":{"line":25,"column":17}},"16":{"start":{"line":28,"column":12},"end":{"line":28,"column":83}},"17":{"start":{"line":32,"column":0},"end":{"line":32,"column":29}}},"fnMap":{"0":{"name":"errorHandler","decl":{"start":{"line":1,"column":9},"end":{"line":1,"column":21}},"loc":{"start":{"line":1,"column":43},"end":{"line":30,"column":1}},"line":1},"1":{"name":"(anonymous_1)","decl":{"start":{"line":7,"column":31},"end":{"line":7,"column":32}},"loc":{"start":{"line":7,"column":38},"end":{"line":9,"column":13}},"line":7}},"branchMap":{"0":{"loc":{"start":{"line":4,"column":4},"end":{"line":29,"column":5}},"type":"switch","locations":[{"start":{"line":5,"column":8},"end":{"line":12,"column":17}},{"start":{"line":13,"column":8},"end":{"line":16,"column":17}},{"start":{"line":17,"column":8},"end":{"line":19,"column":17}},{"start":{"line":20,"column":8},"end":{"line":22,"column":17}},{"start":{"line":23,"column":8},"end":{"line":25,"column":17}},{"start":{"line":26,"column":8},"end":{"line":28,"column":83}}],"line":4},"1":{"loc":{"start":{"line":28,"column":43},"end":{"line":28,"column":81}},"type":"binary-expr","locations":[{"start":{"line":28,"column":43},"end":{"line":28,"column":54}},{"start":{"line":28,"column":58},"end":{"line":28,"column":81}}],"line":28}},"s":{"0":30,"1":30,"2":30,"3":10,"4":10,"5":34,"6":10,"7":10,"8":0,"9":0,"10":9,"11":9,"12":4,"13":4,"14":1,"15":1,"16":6,"17":5},"f":{"0":30,"1":34},"b":{"0":[10,0,9,4,1,6],"1":[6,0]},"_coverageSchema":"1a1c01bbd47fc00a2c39e90264f33305004495a9","hash":"416017d96dd9dc3cb95c69e1776c5003dda554d1"}
,"D:\\Hacktiv8\\Fase Immersive 3\\Week 4\\Kelola-Kosan-Server\\models\\expense.js": {"path":"D:\\Hacktiv8\\Fase Immersive 3\\Week 4\\Kelola-Kosan-Server\\models\\expense.js","statementMap":{"0":{"start":{"line":4,"column":4},"end":{"line":4,"column":24}},"1":{"start":{"line":5,"column":0},"end":{"line":56,"column":2}},"2":{"start":{"line":14,"column":6},"end":{"line":14,"column":69}},"3":{"start":{"line":17,"column":2},"end":{"line":54,"column":5}},"4":{"start":{"line":55,"column":2},"end":{"line":55,"column":17}}},"fnMap":{"0":{"name":"(anonymous_0)","decl":{"start":{"line":5,"column":17},"end":{"line":5,"column":18}},"loc":{"start":{"line":5,"column":43},"end":{"line":56,"column":1}},"line":5},"1":{"name":"(anonymous_1)","decl":{"start":{"line":12,"column":4},"end":{"line":12,"column":5}},"loc":{"start":{"line":12,"column":29},"end":{"line":15,"column":5}},"line":12}},"branchMap":{},"s":{"0":5,"1":5,"2":5,"3":5,"4":5},"f":{"0":5,"1":5},"b":{},"_coverageSchema":"1a1c01bbd47fc00a2c39e90264f33305004495a9","hash":"9c52aacf25b1008bf7f19effc7f381c17deb9da6"}
,"D:\\Hacktiv8\\Fase Immersive 3\\Week 4\\Kelola-Kosan-Server\\models\\index.js": {"path":"D:\\Hacktiv8\\Fase Immersive 3\\Week 4\\Kelola-Kosan-Server\\models\\index.js","statementMap":{"0":{"start":{"line":3,"column":11},"end":{"line":3,"column":24}},"1":{"start":{"line":4,"column":13},"end":{"line":4,"column":28}},"2":{"start":{"line":5,"column":18},"end":{"line":5,"column":38}},"3":{"start":{"line":6,"column":17},"end":{"line":6,"column":42}},"4":{"start":{"line":7,"column":12},"end":{"line":7,"column":49}},"5":{"start":{"line":8,"column":15},"end":{"line":8,"column":65}},"6":{"start":{"line":9,"column":11},"end":{"line":9,"column":13}},"7":{"start":{"line":12,"column":0},"end":{"line":16,"column":1}},"8":{"start":{"line":13,"column":2},"end":{"line":13,"column":74}},"9":{"start":{"line":15,"column":2},"end":{"line":15,"column":87}},"10":{"start":{"line":18,"column":0},"end":{"line":26,"column":5}},"11":{"start":{"line":21,"column":4},"end":{"line":21,"column":90}},"12":{"start":{"line":24,"column":18},"end":{"line":24,"column":85}},"13":{"start":{"line":25,"column":4},"end":{"line":25,"column":27}},"14":{"start":{"line":28,"column":0},"end":{"line":32,"column":3}},"15":{"start":{"line":29,"column":2},"end":{"line":31,"column":3}},"16":{"start":{"line":30,"column":4},"end":{"line":30,"column":32}},"17":{"start":{"line":34,"column":0},"end":{"line":34,"column":25}},"18":{"start":{"line":35,"column":0},"end":{"line":35,"column":25}},"19":{"start":{"line":37,"column":0},"end":{"line":37,"column":20}}},"fnMap":{"0":{"name":"(anonymous_0)","decl":{"start":{"line":20,"column":10},"end":{"line":20,"column":11}},"loc":{"start":{"line":20,"column":18},"end":{"line":22,"column":3}},"line":20},"1":{"name":"(anonymous_1)","decl":{"start":{"line":23,"column":11},"end":{"line":23,"column":12}},"loc":{"start":{"line":23,"column":19},"end":{"line":26,"column":3}},"line":23},"2":{"name":"(anonymous_2)","decl":{"start":{"line":28,"column":24},"end":{"line":28,"column":25}},"loc":{"start":{"line":28,"column":37},"end":{"line":32,"column":1}},"line":28}},"branchMap":{"0":{"loc":{"start":{"line":7,"column":12},"end":{"line":7,"column":49}},"type":"binary-expr","locations":[{"start":{"line":7,"column":12},"end":{"line":7,"column":32}},{"start":{"line":7,"column":36},"end":{"line":7,"column":49}}],"line":7},"1":{"loc":{"start":{"line":12,"column":0},"end":{"line":16,"column":1}},"type":"if","locations":[{"start":{"line":12,"column":0},"end":{"line":16,"column":1}},{"start":{"line":12,"column":0},"end":{"line":16,"column":1}}],"line":12},"2":{"loc":{"start":{"line":21,"column":11},"end":{"line":21,"column":89}},"type":"binary-expr","locations":[{"start":{"line":21,"column":12},"end":{"line":21,"column":35}},{"start":{"line":21,"column":41},"end":{"line":21,"column":58}},{"start":{"line":21,"column":64},"end":{"line":21,"column":88}}],"line":21},"3":{"loc":{"start":{"line":29,"column":2},"end":{"line":31,"column":3}},"type":"if","locations":[{"start":{"line":29,"column":2},"end":{"line":31,"column":3}},{"start":{"line":29,"column":2},"end":{"line":31,"column":3}}],"line":29}},"s":{"0":5,"1":5,"2":5,"3":5,"4":5,"5":5,"6":5,"7":5,"8":0,"9":5,"10":5,"11":40,"12":35,"13":35,"14":5,"15":35,"16":35,"17":5,"18":5,"19":5},"f":{"0":40,"1":35,"2":35},"b":{"0":[5,0],"1":[0,5],"2":[40,40,35],"3":[35,0]},"_coverageSchema":"1a1c01bbd47fc00a2c39e90264f33305004495a9","hash":"66e59210792948f01653b5d508ba25c33f89ad0a"}
,"D:\\Hacktiv8\\Fase Immersive 3\\Week 4\\Kelola-Kosan-Server\\models\\payment.js": {"path":"D:\\Hacktiv8\\Fase Immersive 3\\Week 4\\Kelola-Kosan-Server\\models\\payment.js","statementMap":{"0":{"start":{"line":4,"column":4},"end":{"line":4,"column":24}},"1":{"start":{"line":5,"column":0},"end":{"line":68,"column":2}},"2":{"start":{"line":14,"column":6},"end":{"line":14,"column":61}},"3":{"start":{"line":15,"column":6},"end":{"line":15,"column":65}},"4":{"start":{"line":18,"column":2},"end":{"line":66,"column":5}},"5":{"start":{"line":67,"column":2},"end":{"line":67,"column":17}}},"fnMap":{"0":{"name":"(anonymous_0)","decl":{"start":{"line":5,"column":17},"end":{"line":5,"column":18}},"loc":{"start":{"line":5,"column":43},"end":{"line":68,"column":1}},"line":5},"1":{"name":"(anonymous_1)","decl":{"start":{"line":12,"column":4},"end":{"line":12,"column":5}},"loc":{"start":{"line":12,"column":29},"end":{"line":16,"column":5}},"line":12}},"branchMap":{},"s":{"0":5,"1":5,"2":5,"3":5,"4":5,"5":5},"f":{"0":5,"1":5},"b":{},"_coverageSchema":"1a1c01bbd47fc00a2c39e90264f33305004495a9","hash":"017bdbe3e04bd218af763b650c74c2632ab46982"}
,"D:\\Hacktiv8\\Fase Immersive 3\\Week 4\\Kelola-Kosan-Server\\models\\property.js": {"path":"D:\\Hacktiv8\\Fase Immersive 3\\Week 4\\Kelola-Kosan-Server\\models\\property.js","statementMap":{"0":{"start":{"line":4,"column":4},"end":{"line":4,"column":24}},"1":{"start":{"line":5,"column":0},"end":{"line":59,"column":2}},"2":{"start":{"line":14,"column":6},"end":{"line":14,"column":62}},"3":{"start":{"line":15,"column":6},"end":{"line":15,"column":64}},"4":{"start":{"line":16,"column":6},"end":{"line":16,"column":67}},"5":{"start":{"line":17,"column":6},"end":{"line":17,"column":67}},"6":{"start":{"line":20,"column":2},"end":{"line":57,"column":5}},"7":{"start":{"line":58,"column":2},"end":{"line":58,"column":18}}},"fnMap":{"0":{"name":"(anonymous_0)","decl":{"start":{"line":5,"column":17},"end":{"line":5,"column":18}},"loc":{"start":{"line":5,"column":43},"end":{"line":59,"column":1}},"line":5},"1":{"name":"(anonymous_1)","decl":{"start":{"line":12,"column":4},"end":{"line":12,"column":5}},"loc":{"start":{"line":12,"column":29},"end":{"line":18,"column":5}},"line":12}},"branchMap":{},"s":{"0":5,"1":5,"2":5,"3":5,"4":5,"5":5,"6":5,"7":5},"f":{"0":5,"1":5},"b":{},"_coverageSchema":"1a1c01bbd47fc00a2c39e90264f33305004495a9","hash":"229b50e08be08b0a2411d095f36e39de5c22f15d"}
,"D:\\Hacktiv8\\Fase Immersive 3\\Week 4\\Kelola-Kosan-Server\\models\\revenue.js": {"path":"D:\\Hacktiv8\\Fase Immersive 3\\Week 4\\Kelola-Kosan-Server\\models\\revenue.js","statementMap":{"0":{"start":{"line":4,"column":4},"end":{"line":4,"column":24}},"1":{"start":{"line":5,"column":0},"end":{"line":48,"column":2}},"2":{"start":{"line":14,"column":6},"end":{"line":14,"column":69}},"3":{"start":{"line":17,"column":2},"end":{"line":46,"column":5}},"4":{"start":{"line":47,"column":2},"end":{"line":47,"column":17}}},"fnMap":{"0":{"name":"(anonymous_0)","decl":{"start":{"line":5,"column":17},"end":{"line":5,"column":18}},"loc":{"start":{"line":5,"column":43},"end":{"line":48,"column":1}},"line":5},"1":{"name":"(anonymous_1)","decl":{"start":{"line":12,"column":4},"end":{"line":12,"column":5}},"loc":{"start":{"line":12,"column":29},"end":{"line":15,"column":5}},"line":12}},"branchMap":{},"s":{"0":5,"1":5,"2":5,"3":5,"4":5},"f":{"0":5,"1":5},"b":{},"_coverageSchema":"1a1c01bbd47fc00a2c39e90264f33305004495a9","hash":"407486e4df42e28c4cd5b86a06b18c7934a56ffe"}
,"D:\\Hacktiv8\\Fase Immersive 3\\Week 4\\Kelola-Kosan-Server\\models\\room.js": {"path":"D:\\Hacktiv8\\Fase Immersive 3\\Week 4\\Kelola-Kosan-Server\\models\\room.js","statementMap":{"0":{"start":{"line":4,"column":4},"end":{"line":4,"column":24}},"1":{"start":{"line":5,"column":0},"end":{"line":57,"column":2}},"2":{"start":{"line":14,"column":6},"end":{"line":14,"column":66}},"3":{"start":{"line":15,"column":6},"end":{"line":15,"column":89}},"4":{"start":{"line":18,"column":2},"end":{"line":55,"column":5}},"5":{"start":{"line":56,"column":2},"end":{"line":56,"column":14}}},"fnMap":{"0":{"name":"(anonymous_0)","decl":{"start":{"line":5,"column":17},"end":{"line":5,"column":18}},"loc":{"start":{"line":5,"column":43},"end":{"line":57,"column":1}},"line":5},"1":{"name":"(anonymous_1)","decl":{"start":{"line":12,"column":4},"end":{"line":12,"column":5}},"loc":{"start":{"line":12,"column":29},"end":{"line":16,"column":5}},"line":12}},"branchMap":{},"s":{"0":5,"1":5,"2":5,"3":5,"4":5,"5":5},"f":{"0":5,"1":5},"b":{},"_coverageSchema":"1a1c01bbd47fc00a2c39e90264f33305004495a9","hash":"a51786b5b829b8005e2b836a27aad7644f14ba31"}
,"D:\\Hacktiv8\\Fase Immersive 3\\Week 4\\Kelola-Kosan-Server\\models\\tenant.js": {"path":"D:\\Hacktiv8\\Fase Immersive 3\\Week 4\\Kelola-Kosan-Server\\models\\tenant.js","statementMap":{"0":{"start":{"line":4,"column":4},"end":{"line":4,"column":24}},"1":{"start":{"line":5,"column":0},"end":{"line":66,"column":2}},"2":{"start":{"line":14,"column":6},"end":{"line":14,"column":91}},"3":{"start":{"line":17,"column":2},"end":{"line":64,"column":5}},"4":{"start":{"line":65,"column":2},"end":{"line":65,"column":16}}},"fnMap":{"0":{"name":"(anonymous_0)","decl":{"start":{"line":5,"column":17},"end":{"line":5,"column":18}},"loc":{"start":{"line":5,"column":43},"end":{"line":66,"column":1}},"line":5},"1":{"name":"(anonymous_1)","decl":{"start":{"line":12,"column":4},"end":{"line":12,"column":5}},"loc":{"start":{"line":12,"column":29},"end":{"line":15,"column":5}},"line":12}},"branchMap":{},"s":{"0":5,"1":5,"2":5,"3":5,"4":5},"f":{"0":5,"1":5},"b":{},"_coverageSchema":"1a1c01bbd47fc00a2c39e90264f33305004495a9","hash":"65e45ba9c8375e22041d76faeca53e3c6ab8de5e"}
,"D:\\Hacktiv8\\Fase Immersive 3\\Week 4\\Kelola-Kosan-Server\\models\\user.js": {"path":"D:\\Hacktiv8\\Fase Immersive 3\\Week 4\\Kelola-Kosan-Server\\models\\user.js","statementMap":{"0":{"start":{"line":4,"column":4},"end":{"line":4,"column":24}},"1":{"start":{"line":5,"column":23},"end":{"line":5,"column":54}},"2":{"start":{"line":6,"column":0},"end":{"line":61,"column":2}},"3":{"start":{"line":15,"column":6},"end":{"line":15,"column":59}},"4":{"start":{"line":18,"column":2},"end":{"line":59,"column":5}},"5":{"start":{"line":55,"column":32},"end":{"line":55,"column":63}},"6":{"start":{"line":56,"column":8},"end":{"line":56,"column":43}},"7":{"start":{"line":60,"column":2},"end":{"line":60,"column":14}}},"fnMap":{"0":{"name":"(anonymous_0)","decl":{"start":{"line":6,"column":17},"end":{"line":6,"column":18}},"loc":{"start":{"line":6,"column":43},"end":{"line":61,"column":1}},"line":6},"1":{"name":"(anonymous_1)","decl":{"start":{"line":13,"column":4},"end":{"line":13,"column":5}},"loc":{"start":{"line":13,"column":29},"end":{"line":16,"column":5}},"line":13},"2":{"name":"(anonymous_2)","decl":{"start":{"line":54,"column":6},"end":{"line":54,"column":7}},"loc":{"start":{"line":54,"column":38},"end":{"line":57,"column":7}},"line":54}},"branchMap":{},"s":{"0":5,"1":5,"2":5,"3":5,"4":5,"5":2,"6":2,"7":5},"f":{"0":5,"1":5,"2":2},"b":{},"_coverageSchema":"1a1c01bbd47fc00a2c39e90264f33305004495a9","hash":"59de318ba88ca647a6de1a0cc5c63a1c9340152b"}
,"D:\\Hacktiv8\\Fase Immersive 3\\Week 4\\Kelola-Kosan-Server\\routes\\expense.js": {"path":"D:\\Hacktiv8\\Fase Immersive 3\\Week 4\\Kelola-Kosan-Server\\routes\\expense.js","statementMap":{"0":{"start":{"line":1,"column":16},"end":{"line":1,"column":34}},"1":{"start":{"line":2,"column":22},"end":{"line":2,"column":38}},"2":{"start":{"line":3,"column":26},"end":{"line":3,"column":69}},"3":{"start":{"line":5,"column":0},"end":{"line":5,"column":53}},"4":{"start":{"line":7,"column":0},"end":{"line":7,"column":52}},"5":{"start":{"line":9,"column":0},"end":{"line":9,"column":57}},"6":{"start":{"line":11,"column":0},"end":{"line":11,"column":57}},"7":{"start":{"line":13,"column":0},"end":{"line":13,"column":62}},"8":{"start":{"line":15,"column":0},"end":{"line":15,"column":63}},"9":{"start":{"line":17,"column":0},"end":{"line":17,"column":30}}},"fnMap":{},"branchMap":{},"s":{"0":5,"1":5,"2":5,"3":5,"4":5,"5":5,"6":5,"7":5,"8":5,"9":5},"f":{},"b":{},"_coverageSchema":"1a1c01bbd47fc00a2c39e90264f33305004495a9","hash":"ed07295a296ffacfc91329d8262b7383f1ee98de"}
,"D:\\Hacktiv8\\Fase Immersive 3\\Week 4\\Kelola-Kosan-Server\\routes\\index.js": {"path":"D:\\Hacktiv8\\Fase Immersive 3\\Week 4\\Kelola-Kosan-Server\\routes\\index.js","statementMap":{"0":{"start":{"line":1,"column":15},"end":{"line":1,"column":42}},"1":{"start":{"line":2,"column":25},"end":{"line":2,"column":58}},"2":{"start":{"line":3,"column":19},"end":{"line":3,"column":36}},"3":{"start":{"line":4,"column":19},"end":{"line":4,"column":36}},"4":{"start":{"line":5,"column":23},"end":{"line":5,"column":44}},"5":{"start":{"line":6,"column":21},"end":{"line":6,"column":40}},"6":{"start":{"line":7,"column":22},"end":{"line":7,"column":42}},"7":{"start":{"line":8,"column":22},"end":{"line":8,"column":42}},"8":{"start":{"line":11,"column":0},"end":{"line":11,"column":28}},"9":{"start":{"line":13,"column":0},"end":{"line":13,"column":27}},"10":{"start":{"line":14,"column":0},"end":{"line":14,"column":42}},"11":{"start":{"line":15,"column":0},"end":{"line":15,"column":39}},"12":{"start":{"line":16,"column":0},"end":{"line":16,"column":36}},"13":{"start":{"line":17,"column":0},"end":{"line":17,"column":33}},"14":{"start":{"line":18,"column":0},"end":{"line":18,"column":39}},"15":{"start":{"line":20,"column":0},"end":{"line":20,"column":23}}},"fnMap":{},"branchMap":{},"s":{"0":5,"1":5,"2":5,"3":5,"4":5,"5":5,"6":5,"7":5,"8":5,"9":5,"10":5,"11":5,"12":5,"13":5,"14":5,"15":5},"f":{},"b":{},"_coverageSchema":"1a1c01bbd47fc00a2c39e90264f33305004495a9","hash":"5e637192ef5d3eb0a94afd7b96a101eccc563da6"}
,"D:\\Hacktiv8\\Fase Immersive 3\\Week 4\\Kelola-Kosan-Server\\routes\\payment.js": {"path":"D:\\Hacktiv8\\Fase Immersive 3\\Week 4\\Kelola-Kosan-Server\\routes\\payment.js","statementMap":{"0":{"start":{"line":1,"column":16},"end":{"line":1,"column":34}},"1":{"start":{"line":2,"column":22},"end":{"line":2,"column":38}},"2":{"start":{"line":3,"column":26},"end":{"line":3,"column":69}},"3":{"start":{"line":5,"column":0},"end":{"line":5,"column":55}},"4":{"start":{"line":6,"column":0},"end":{"line":6,"column":74}},"5":{"start":{"line":7,"column":0},"end":{"line":7,"column":62}},"6":{"start":{"line":11,"column":0},"end":{"line":11,"column":30}}},"fnMap":{},"branchMap":{},"s":{"0":5,"1":5,"2":5,"3":5,"4":5,"5":5,"6":5},"f":{},"b":{},"_coverageSchema":"1a1c01bbd47fc00a2c39e90264f33305004495a9","hash":"34f9eace43bdc56fb4aadd5f2344c0445c6eae02"}
,"D:\\Hacktiv8\\Fase Immersive 3\\Week 4\\Kelola-Kosan-Server\\routes\\property.js": {"path":"D:\\Hacktiv8\\Fase Immersive 3\\Week 4\\Kelola-Kosan-Server\\routes\\property.js","statementMap":{"0":{"start":{"line":1,"column":23},"end":{"line":1,"column":50}},"1":{"start":{"line":2,"column":27},"end":{"line":2,"column":71}},"2":{"start":{"line":4,"column":0},"end":{"line":4,"column":51}},"3":{"start":{"line":5,"column":0},"end":{"line":5,"column":51}},"4":{"start":{"line":6,"column":0},"end":{"line":6,"column":53}},"5":{"start":{"line":7,"column":0},"end":{"line":7,"column":56}},"6":{"start":{"line":9,"column":0},"end":{"line":9,"column":31}}},"fnMap":{},"branchMap":{},"s":{"0":5,"1":5,"2":5,"3":5,"4":5,"5":5,"6":5},"f":{},"b":{},"_coverageSchema":"1a1c01bbd47fc00a2c39e90264f33305004495a9","hash":"5a97e953da23e52cf1b01285b5a4a80996f68513"}
,"D:\\Hacktiv8\\Fase Immersive 3\\Week 4\\Kelola-Kosan-Server\\routes\\room.js": {"path":"D:\\Hacktiv8\\Fase Immersive 3\\Week 4\\Kelola-Kosan-Server\\routes\\room.js","statementMap":{"0":{"start":{"line":1,"column":16},"end":{"line":1,"column":34}},"1":{"start":{"line":2,"column":19},"end":{"line":2,"column":35}},"2":{"start":{"line":3,"column":23},"end":{"line":3,"column":63}},"3":{"start":{"line":5,"column":0},"end":{"line":5,"column":46}},"4":{"start":{"line":8,"column":0},"end":{"line":8,"column":45}},"5":{"start":{"line":9,"column":0},"end":{"line":9,"column":51}},"6":{"start":{"line":10,"column":0},"end":{"line":10,"column":50}},"7":{"start":{"line":11,"column":0},"end":{"line":11,"column":54}},"8":{"start":{"line":12,"column":0},"end":{"line":12,"column":53}},"9":{"start":{"line":15,"column":0},"end":{"line":15,"column":28}}},"fnMap":{},"branchMap":{},"s":{"0":5,"1":5,"2":5,"3":5,"4":5,"5":5,"6":5,"7":5,"8":5,"9":5},"f":{},"b":{},"_coverageSchema":"1a1c01bbd47fc00a2c39e90264f33305004495a9","hash":"9e20716a287827e623d535b4a41ba2d8df83c259"}
,"D:\\Hacktiv8\\Fase Immersive 3\\Week 4\\Kelola-Kosan-Server\\routes\\tenant.js": {"path":"D:\\Hacktiv8\\Fase Immersive 3\\Week 4\\Kelola-Kosan-Server\\routes\\tenant.js","statementMap":{"0":{"start":{"line":1,"column":21},"end":{"line":1,"column":48}},"1":{"start":{"line":2,"column":25},"end":{"line":2,"column":70}},"2":{"start":{"line":4,"column":0},"end":{"line":4,"column":50}},"3":{"start":{"line":6,"column":0},"end":{"line":6,"column":49}},"4":{"start":{"line":8,"column":0},"end":{"line":8,"column":54}},"5":{"start":{"line":10,"column":0},"end":{"line":10,"column":54}},"6":{"start":{"line":12,"column":0},"end":{"line":12,"column":59}},"7":{"start":{"line":14,"column":0},"end":{"line":14,"column":60}},"8":{"start":{"line":16,"column":0},"end":{"line":16,"column":29}}},"fnMap":{},"branchMap":{},"s":{"0":5,"1":5,"2":5,"3":5,"4":5,"5":5,"6":5,"7":5,"8":5},"f":{},"b":{},"_coverageSchema":"1a1c01bbd47fc00a2c39e90264f33305004495a9","hash":"9f457968c46214c1cb4c99561dc2a577ad2316fa"}
,"D:\\Hacktiv8\\Fase Immersive 3\\Week 4\\Kelola-Kosan-Server\\routes\\user.js": {"path":"D:\\Hacktiv8\\Fase Immersive 3\\Week 4\\Kelola-Kosan-Server\\routes\\user.js","statementMap":{"0":{"start":{"line":1,"column":19},"end":{"line":1,"column":46}},"1":{"start":{"line":2,"column":23},"end":{"line":2,"column":63}},"2":{"start":{"line":5,"column":0},"end":{"line":5,"column":57}},"3":{"start":{"line":6,"column":0},"end":{"line":6,"column":51}},"4":{"start":{"line":8,"column":0},"end":{"line":8,"column":28}}},"fnMap":{},"branchMap":{},"s":{"0":5,"1":5,"2":5,"3":5,"4":5},"f":{},"b":{},"_coverageSchema":"1a1c01bbd47fc00a2c39e90264f33305004495a9","hash":"cca016db05bd59150d3542354bcf6d6b1c86207c"}
}
