TN:
SF:app.js
FNF:0
FNH:0
DA:1,5
DA:2,5
DA:5,5
DA:6,5
DA:7,5
DA:8,5
DA:9,5
DA:10,5
DA:12,5
DA:14,5
DA:16,5
DA:18,5
DA:20,5
DA:22,5
LF:14
LH:14
BRDA:1,0,0,5
BRDA:1,0,1,0
BRDA:9,1,0,5
BRDA:9,1,1,5
BRF:4
BRH:3
end_of_record
TN:
SF:controllers\expenseController.js
FN:4,(anonymous_0)
FN:24,(anonymous_1)
FN:35,(anonymous_2)
FN:55,(anonymous_3)
FN:82,(anonymous_4)
FN:105,(anonymous_5)
FNF:6
FNH:0
FNDA:0,(anonymous_0)
FNDA:0,(anonymous_1)
FNDA:0,(anonymous_2)
FNDA:0,(anonymous_3)
FNDA:0,(anonymous_4)
FNDA:0,(anonymous_5)
DA:1,5
DA:5,0
DA:6,0
DA:7,0
DA:8,0
DA:9,0
DA:17,0
DA:20,0
DA:25,0
DA:26,0
DA:28,0
DA:31,0
DA:36,0
DA:37,0
DA:38,0
DA:44,0
DA:45,0
DA:47,0
DA:50,0
DA:56,0
DA:57,0
DA:58,0
DA:64,0
DA:65,0
DA:66,0
DA:67,0
DA:69,0
DA:70,0
DA:71,0
DA:73,0
DA:77,0
DA:83,0
DA:84,0
DA:85,0
DA:86,0
DA:87,0
DA:88,0
DA:90,0
DA:91,0
DA:92,0
DA:94,0
DA:100,0
DA:106,0
DA:107,0
DA:108,0
DA:109,0
DA:110,0
DA:112,0
DA:113,0
DA:114,0
DA:116,0
DA:122,0
DA:127,5
LF:53
LH:2
BRDA:44,0,0,0
BRDA:44,0,1,0
BRDA:66,1,0,0
BRDA:66,1,1,0
BRDA:70,2,0,0
BRDA:70,2,1,0
BRDA:87,3,0,0
BRDA:87,3,1,0
BRDA:91,4,0,0
BRDA:91,4,1,0
BRDA:109,5,0,0
BRDA:109,5,1,0
BRDA:113,6,0,0
BRDA:113,6,1,0
BRF:14
BRH:0
end_of_record
TN:
SF:controllers\paymentController.js
FN:5,(anonymous_0)
FN:17,(anonymous_1)
FN:20,(anonymous_2)
FN:26,(anonymous_3)
FN:38,(anonymous_4)
FN:41,(anonymous_5)
FN:46,(anonymous_6)
FN:54,(anonymous_7)
FN:64,(anonymous_8)
FN:70,(anonymous_9)
FN:74,(anonymous_10)
FN:82,(anonymous_11)
FNF:12
FNH:5
FNDA:2,(anonymous_0)
FNDA:1,(anonymous_1)
FNDA:1,(anonymous_2)
FNDA:1,(anonymous_3)
FNDA:1,(anonymous_4)
FNDA:0,(anonymous_5)
FNDA:0,(anonymous_6)
FNDA:0,(anonymous_7)
FNDA:0,(anonymous_8)
FNDA:0,(anonymous_9)
FNDA:0,(anonymous_10)
FNDA:0,(anonymous_11)
DA:1,5
DA:6,2
DA:7,2
DA:9,2
DA:18,1
DA:21,1
DA:22,1
DA:28,1
DA:39,1
DA:42,0
DA:47,0
DA:49,0
DA:56,0
DA:57,0
DA:59,0
DA:65,0
DA:66,0
DA:71,0
DA:73,0
DA:75,0
DA:76,0
DA:77,0
DA:79,0
DA:83,0
DA:84,0
DA:89,5
LF:26
LH:10
BRDA:56,0,0,0
BRDA:56,0,1,0
BRDA:76,1,0,0
BRDA:76,1,1,0
BRF:4
BRH:0
end_of_record
TN:
SF:controllers\propertyController.js
FN:5,(anonymous_0)
FN:17,(anonymous_1)
FN:27,(anonymous_2)
FN:30,(anonymous_3)
FN:33,(anonymous_4)
FN:36,(anonymous_5)
FN:39,(anonymous_6)
FN:51,(anonymous_7)
FN:52,(anonymous_8)
FN:55,(anonymous_9)
FN:60,(anonymous_10)
FN:64,(anonymous_11)
FNF:12
FNH:7
FNDA:2,(anonymous_0)
FNDA:1,(anonymous_1)
FNDA:1,(anonymous_2)
FNDA:1,(anonymous_3)
FNDA:1,(anonymous_4)
FNDA:0,(anonymous_5)
FNDA:1,(anonymous_6)
FNDA:1,(anonymous_7)
FNDA:0,(anonymous_8)
FNDA:0,(anonymous_9)
FNDA:0,(anonymous_10)
FNDA:0,(anonymous_11)
DA:1,5
DA:5,5
DA:7,2
DA:15,2
DA:18,1
DA:27,1
DA:30,5
DA:31,1
DA:34,1
DA:36,0
DA:39,5
DA:40,1
DA:42,1
DA:49,1
DA:51,1
DA:52,0
DA:55,5
DA:56,0
DA:58,0
DA:61,0
DA:62,0
DA:64,0
DA:69,5
LF:23
LH:16
BRDA:61,0,0,0
BRDA:61,0,1,0
BRF:2
BRH:0
end_of_record
TN:
SF:controllers\roomController.js
FN:5,(anonymous_0)
FN:7,(anonymous_1)
FN:10,(anonymous_2)
FN:25,(anonymous_3)
FN:36,(anonymous_4)
FN:45,(anonymous_5)
FN:51,(anonymous_6)
FN:55,(anonymous_7)
FN:62,(anonymous_8)
FN:67,(anonymous_9)
FN:77,(anonymous_10)
FN:87,(anonymous_11)
FN:92,(anonymous_12)
FN:105,(anonymous_13)
FN:115,(anonymous_14)
FN:120,(anonymous_15)
FN:128,(anonymous_16)
FN:137,(anonymous_17)
FNF:18
FNH:12
FNDA:1,(anonymous_0)
FNDA:1,(anonymous_1)
FNDA:0,(anonymous_2)
FNDA:1,(anonymous_3)
FNDA:1,(anonymous_4)
FNDA:0,(anonymous_5)
FNDA:2,(anonymous_6)
FNDA:2,(anonymous_7)
FNDA:0,(anonymous_8)
FNDA:2,(anonymous_9)
FNDA:2,(anonymous_10)
FNDA:0,(anonymous_11)
FNDA:2,(anonymous_12)
FNDA:2,(anonymous_13)
FNDA:0,(anonymous_14)
FNDA:2,(anonymous_15)
FNDA:2,(anonymous_16)
FNDA:0,(anonymous_17)
DA:1,5
DA:6,1
DA:8,1
DA:11,0
DA:12,0
DA:26,1
DA:27,1
DA:28,1
DA:29,1
DA:37,1
DA:46,0
DA:47,0
DA:52,2
DA:53,2
DA:54,2
DA:56,2
DA:57,1
DA:59,1
DA:63,0
DA:68,2
DA:69,2
DA:70,2
DA:78,2
DA:79,2
DA:80,1
DA:82,1
DA:88,0
DA:93,2
DA:94,2
DA:96,2
DA:107,2
DA:108,1
DA:110,1
DA:116,0
DA:121,2
DA:123,2
DA:129,2
DA:130,1
DA:132,1
DA:138,0
DA:139,0
DA:144,5
LF:42
LH:33
BRDA:56,0,0,1
BRDA:56,0,1,1
BRDA:79,1,0,1
BRDA:79,1,1,1
BRDA:107,2,0,1
BRDA:107,2,1,1
BRDA:129,3,0,1
BRDA:129,3,1,1
BRF:8
BRH:8
end_of_record
TN:
SF:controllers\tenantController.js
FN:5,(anonymous_0)
FN:26,(anonymous_1)
FN:37,(anonymous_2)
FN:57,(anonymous_3)
FN:85,(anonymous_4)
FN:108,(anonymous_5)
FNF:6
FNH:5
FNDA:4,(anonymous_0)
FNDA:1,(anonymous_1)
FNDA:2,(anonymous_2)
FNDA:4,(anonymous_3)
FNDA:0,(anonymous_4)
FNDA:2,(anonymous_5)
DA:1,5
DA:2,5
DA:6,4
DA:7,4
DA:8,4
DA:9,4
DA:10,4
DA:19,1
DA:22,3
DA:27,1
DA:28,1
DA:30,1
DA:33,0
DA:38,2
DA:39,2
DA:40,2
DA:46,2
DA:47,1
DA:49,1
DA:52,1
DA:58,4
DA:59,4
DA:60,4
DA:67,4
DA:68,4
DA:69,4
DA:70,0
DA:72,4
DA:73,1
DA:74,0
DA:76,1
DA:80,3
DA:86,0
DA:87,0
DA:88,0
DA:89,0
DA:90,0
DA:91,0
DA:93,0
DA:94,0
DA:95,0
DA:97,0
DA:103,0
DA:109,2
DA:110,2
DA:111,2
DA:112,2
DA:113,1
DA:115,1
DA:116,1
DA:117,0
DA:119,1
DA:125,1
DA:131,5
LF:54
LH:39
BRDA:46,0,0,1
BRDA:46,0,1,1
BRDA:69,1,0,0
BRDA:69,1,1,4
BRDA:73,2,0,0
BRDA:73,2,1,1
BRDA:90,3,0,0
BRDA:90,3,1,0
BRDA:94,4,0,0
BRDA:94,4,1,0
BRDA:112,5,0,1
BRDA:112,5,1,1
BRDA:116,6,0,0
BRDA:116,6,1,1
BRF:14
BRH:7
end_of_record
TN:
SF:controllers\userController.js
FN:6,(anonymous_0)
FN:26,(anonymous_1)
FNF:2
FNH:2
FNDA:4,(anonymous_0)
FNDA:5,(anonymous_1)
DA:1,5
DA:2,5
DA:3,5
DA:7,4
DA:8,4
DA:9,4
DA:10,4
DA:15,1
DA:22,3
DA:27,5
DA:28,5
DA:29,5
DA:35,5
DA:36,2
DA:38,3
DA:39,3
DA:40,0
DA:42,3
DA:46,3
DA:47,3
DA:52,2
DA:59,5
LF:22
LH:21
BRDA:35,0,0,2
BRDA:35,0,1,3
BRDA:39,1,0,0
BRDA:39,1,1,3
BRF:4
BRH:3
end_of_record
TN:
SF:helpers\bcrypt.js
FN:4,hashPassword
FN:10,checkPassword
FNF:2
FNH:2
FNDA:5,hashPassword
FNDA:3,checkPassword
DA:1,5
DA:2,5
DA:5,5
DA:6,5
DA:7,5
DA:11,3
DA:14,5
LF:7
LH:7
BRF:0
BRH:0
end_of_record
TN:
SF:helpers\jwt.js
FN:4,generateToken
FN:12,verifyToken
FNF:2
FNH:2
FNDA:7,generateToken
FNDA:33,verifyToken
DA:1,5
DA:2,5
DA:6,7
DA:7,7
DA:9,7
DA:13,33
DA:16,5
LF:7
LH:7
BRF:0
BRH:0
end_of_record
TN:
SF:middlewares\auth.js
FN:4,authentication
FNF:1
FNH:1
FNDA:42,authentication
DA:1,5
DA:2,5
DA:5,42
DA:7,42
DA:8,42
DA:9,33
DA:10,31
DA:18,31
DA:19,31
DA:20,31
DA:25,31
DA:26,31
DA:28,0
DA:31,9
DA:35,2
DA:57,5
LF:16
LH:15
BRDA:8,0,0,33
BRDA:8,0,1,9
BRDA:18,1,0,31
BRDA:18,1,1,0
BRF:4
BRH:3
end_of_record
TN:
SF:middlewares\errorHandler.js
FN:1,errorHandler
FN:7,(anonymous_1)
FNF:2
FNH:2
FNDA:30,errorHandler
FNDA:34,(anonymous_1)
DA:2,30
DA:3,30
DA:4,30
DA:6,10
DA:7,10
DA:8,34
DA:11,10
DA:12,10
DA:15,0
DA:16,0
DA:18,9
DA:19,9
DA:21,4
DA:22,4
DA:24,1
DA:25,1
DA:28,6
DA:32,5
LF:18
LH:16
BRDA:4,0,0,10
BRDA:4,0,1,0
BRDA:4,0,2,9
BRDA:4,0,3,4
BRDA:4,0,4,1
BRDA:4,0,5,6
BRDA:28,1,0,6
BRDA:28,1,1,0
BRF:8
BRH:6
end_of_record
TN:
SF:models\expense.js
FN:5,(anonymous_0)
FN:12,(anonymous_1)
FNF:2
FNH:2
FNDA:5,(anonymous_0)
FNDA:5,(anonymous_1)
DA:4,5
DA:5,5
DA:14,5
DA:17,5
DA:55,5
LF:5
LH:5
BRF:0
BRH:0
end_of_record
TN:
SF:models\index.js
FN:20,(anonymous_0)
FN:23,(anonymous_1)
FN:28,(anonymous_2)
FNF:3
FNH:3
FNDA:40,(anonymous_0)
FNDA:35,(anonymous_1)
FNDA:35,(anonymous_2)
DA:3,5
DA:4,5
DA:5,5
DA:6,5
DA:7,5
DA:8,5
DA:9,5
DA:12,5
DA:13,0
DA:15,5
DA:18,5
DA:21,40
DA:24,35
DA:25,35
DA:28,5
DA:29,35
DA:30,35
DA:34,5
DA:35,5
DA:37,5
LF:20
LH:19
BRDA:7,0,0,5
BRDA:7,0,1,0
BRDA:12,1,0,0
BRDA:12,1,1,5
BRDA:21,2,0,40
BRDA:21,2,1,40
BRDA:21,2,2,35
BRDA:29,3,0,35
BRDA:29,3,1,0
BRF:9
BRH:6
end_of_record
TN:
SF:models\payment.js
FN:5,(anonymous_0)
FN:12,(anonymous_1)
FNF:2
FNH:2
FNDA:5,(anonymous_0)
FNDA:5,(anonymous_1)
DA:4,5
DA:5,5
DA:14,5
DA:15,5
DA:18,5
DA:67,5
LF:6
LH:6
BRF:0
BRH:0
end_of_record
TN:
SF:models\property.js
FN:5,(anonymous_0)
FN:12,(anonymous_1)
FNF:2
FNH:2
FNDA:5,(anonymous_0)
FNDA:5,(anonymous_1)
DA:4,5
DA:5,5
DA:14,5
DA:15,5
DA:16,5
DA:17,5
DA:20,5
DA:58,5
LF:8
LH:8
BRF:0
BRH:0
end_of_record
TN:
SF:models\revenue.js
FN:5,(anonymous_0)
FN:12,(anonymous_1)
FNF:2
FNH:2
FNDA:5,(anonymous_0)
FNDA:5,(anonymous_1)
DA:4,5
DA:5,5
DA:14,5
DA:17,5
DA:47,5
LF:5
LH:5
BRF:0
BRH:0
end_of_record
TN:
SF:models\room.js
FN:5,(anonymous_0)
FN:12,(anonymous_1)
FNF:2
FNH:2
FNDA:5,(anonymous_0)
FNDA:5,(anonymous_1)
DA:4,5
DA:5,5
DA:14,5
DA:15,5
DA:18,5
DA:56,5
LF:6
LH:6
BRF:0
BRH:0
end_of_record
TN:
SF:models\tenant.js
FN:5,(anonymous_0)
FN:12,(anonymous_1)
FNF:2
FNH:2
FNDA:5,(anonymous_0)
FNDA:5,(anonymous_1)
DA:4,5
DA:5,5
DA:14,5
DA:17,5
DA:65,5
LF:5
LH:5
BRF:0
BRH:0
end_of_record
TN:
SF:models\user.js
FN:6,(anonymous_0)
FN:13,(anonymous_1)
FN:54,(anonymous_2)
FNF:3
FNH:3
FNDA:5,(anonymous_0)
FNDA:5,(anonymous_1)
FNDA:2,(anonymous_2)
DA:4,5
DA:5,5
DA:6,5
DA:15,5
DA:18,5
DA:55,2
DA:56,2
DA:60,5
LF:8
LH:8
BRF:0
BRH:0
end_of_record
TN:
SF:routes\expense.js
FNF:0
FNH:0
DA:1,5
DA:2,5
DA:3,5
DA:5,5
DA:7,5
DA:9,5
DA:11,5
DA:13,5
DA:15,5
DA:17,5
LF:10
LH:10
BRF:0
BRH:0
end_of_record
TN:
SF:routes\index.js
FNF:0
FNH:0
DA:1,5
DA:2,5
DA:3,5
DA:4,5
DA:5,5
DA:6,5
DA:7,5
DA:8,5
DA:11,5
DA:13,5
DA:14,5
DA:15,5
DA:16,5
DA:17,5
DA:18,5
DA:20,5
LF:16
LH:16
BRF:0
BRH:0
end_of_record
TN:
SF:routes\payment.js
FNF:0
FNH:0
DA:1,5
DA:2,5
DA:3,5
DA:5,5
DA:6,5
DA:7,5
DA:11,5
LF:7
LH:7
BRF:0
BRH:0
end_of_record
TN:
SF:routes\property.js
FNF:0
FNH:0
DA:1,5
DA:2,5
DA:4,5
DA:5,5
DA:6,5
DA:7,5
DA:9,5
LF:7
LH:7
BRF:0
BRH:0
end_of_record
TN:
SF:routes\room.js
FNF:0
FNH:0
DA:1,5
DA:2,5
DA:3,5
DA:5,5
DA:8,5
DA:9,5
DA:10,5
DA:11,5
DA:12,5
DA:15,5
LF:10
LH:10
BRF:0
BRH:0
end_of_record
TN:
SF:routes\tenant.js
FNF:0
FNH:0
DA:1,5
DA:2,5
DA:4,5
DA:6,5
DA:8,5
DA:10,5
DA:12,5
DA:14,5
DA:16,5
LF:9
LH:9
BRF:0
BRH:0
end_of_record
TN:
SF:routes\user.js
FNF:0
FNH:0
DA:1,5
DA:2,5
DA:5,5
DA:6,5
DA:8,5
LF:5
LH:5
BRF:0
BRH:0
end_of_record
