TN:
SF:app.js
FNF:0
FNH:0
DA:1,1
DA:2,1
DA:5,1
DA:6,1
DA:7,1
DA:8,1
DA:9,1
DA:10,1
DA:12,1
DA:14,1
DA:16,1
DA:18,1
DA:20,1
DA:22,1
LF:14
LH:14
BRDA:1,0,0,1
BRDA:1,0,1,0
BRDA:9,1,0,1
BRDA:9,1,1,1
BRF:4
BRH:3
end_of_record
TN:
SF:controllers\expenseController.js
FNF:0
FNH:0
DA:1,1
DA:7,1
LF:2
LH:2
BRF:0
BRH:0
end_of_record
TN:
SF:controllers\paymentController.js
FN:5,(anonymous_0)
FN:17,(anonymous_1)
FN:20,(anonymous_2)
FN:26,(anonymous_3)
FN:38,(anonymous_4)
FN:41,(anonymous_5)
FN:46,(anonymous_6)
FN:54,(anonymous_7)
FN:64,(anonymous_8)
FN:70,(anonymous_9)
FN:74,(anonymous_10)
FN:82,(anonymous_11)
FNF:12
FNH:0
FNDA:0,(anonymous_0)
FNDA:0,(anonymous_1)
FNDA:0,(anonymous_2)
FNDA:0,(anonymous_3)
FNDA:0,(anonymous_4)
FNDA:0,(anonymous_5)
FNDA:0,(anonymous_6)
FNDA:0,(anonymous_7)
FNDA:0,(anonymous_8)
FNDA:0,(anonymous_9)
FNDA:0,(anonymous_10)
FNDA:0,(anonymous_11)
DA:1,1
DA:6,0
DA:7,0
DA:9,0
DA:18,0
DA:21,0
DA:22,0
DA:28,0
DA:39,0
DA:42,0
DA:47,0
DA:49,0
DA:56,0
DA:57,0
DA:59,0
DA:65,0
DA:66,0
DA:71,0
DA:73,0
DA:75,0
DA:76,0
DA:77,0
DA:79,0
DA:83,0
DA:84,0
DA:89,1
LF:26
LH:2
BRDA:56,0,0,0
BRDA:56,0,1,0
BRDA:76,1,0,0
BRDA:76,1,1,0
BRF:4
BRH:0
end_of_record
TN:
SF:controllers\propertyController.js
FN:5,(anonymous_0)
FN:17,(anonymous_1)
FN:27,(anonymous_2)
FN:30,(anonymous_3)
FN:33,(anonymous_4)
FN:36,(anonymous_5)
FN:39,(anonymous_6)
FN:51,(anonymous_7)
FN:52,(anonymous_8)
FN:55,(anonymous_9)
FN:60,(anonymous_10)
FN:64,(anonymous_11)
FNF:12
FNH:0
FNDA:0,(anonymous_0)
FNDA:0,(anonymous_1)
FNDA:0,(anonymous_2)
FNDA:0,(anonymous_3)
FNDA:0,(anonymous_4)
FNDA:0,(anonymous_5)
FNDA:0,(anonymous_6)
FNDA:0,(anonymous_7)
FNDA:0,(anonymous_8)
FNDA:0,(anonymous_9)
FNDA:0,(anonymous_10)
FNDA:0,(anonymous_11)
DA:1,1
DA:5,1
DA:7,0
DA:15,0
DA:18,0
DA:27,0
DA:30,1
DA:31,0
DA:34,0
DA:36,0
DA:39,1
DA:40,0
DA:42,0
DA:49,0
DA:51,0
DA:52,0
DA:55,1
DA:56,0
DA:58,0
DA:61,0
DA:62,0
DA:64,0
DA:69,1
LF:23
LH:6
BRDA:61,0,0,0
BRDA:61,0,1,0
BRF:2
BRH:0
end_of_record
TN:
SF:controllers\revenueController.js
FN:5,(anonymous_0)
FN:9,(anonymous_1)
FN:10,(anonymous_2)
FN:13,(anonymous_3)
FN:24,(anonymous_4)
FN:32,(anonymous_5)
FN:35,(anonymous_6)
FN:47,(anonymous_7)
FN:48,(anonymous_8)
FN:52,(anonymous_9)
FN:57,(anonymous_10)
FN:61,(anonymous_11)
FNF:12
FNH:10
FNDA:1,(anonymous_0)
FNDA:1,(anonymous_1)
FNDA:0,(anonymous_2)
FNDA:3,(anonymous_3)
FNDA:1,(anonymous_4)
FNDA:2,(anonymous_5)
FNDA:2,(anonymous_6)
FNDA:1,(anonymous_7)
FNDA:1,(anonymous_8)
FNDA:1,(anonymous_9)
FNDA:1,(anonymous_10)
FNDA:0,(anonymous_11)
DA:1,1
DA:5,1
DA:6,1
DA:7,1
DA:9,1
DA:10,0
DA:13,1
DA:15,3
DA:22,3
DA:25,1
DA:32,2
DA:35,1
DA:37,2
DA:38,2
DA:45,2
DA:47,1
DA:48,1
DA:52,1
DA:53,1
DA:55,1
DA:58,1
DA:59,0
DA:61,0
DA:66,1
LF:24
LH:21
BRDA:58,0,0,1
BRDA:58,0,1,0
BRF:2
BRH:1
end_of_record
TN:
SF:controllers\roomController.js
FN:5,(anonymous_0)
FN:7,(anonymous_1)
FN:10,(anonymous_2)
FN:25,(anonymous_3)
FN:36,(anonymous_4)
FN:45,(anonymous_5)
FN:51,(anonymous_6)
FN:55,(anonymous_7)
FN:62,(anonymous_8)
FN:67,(anonymous_9)
FN:77,(anonymous_10)
FN:87,(anonymous_11)
FN:92,(anonymous_12)
FN:105,(anonymous_13)
FN:115,(anonymous_14)
FN:120,(anonymous_15)
FN:128,(anonymous_16)
FN:137,(anonymous_17)
FNF:18
FNH:0
FNDA:0,(anonymous_0)
FNDA:0,(anonymous_1)
FNDA:0,(anonymous_2)
FNDA:0,(anonymous_3)
FNDA:0,(anonymous_4)
FNDA:0,(anonymous_5)
FNDA:0,(anonymous_6)
FNDA:0,(anonymous_7)
FNDA:0,(anonymous_8)
FNDA:0,(anonymous_9)
FNDA:0,(anonymous_10)
FNDA:0,(anonymous_11)
FNDA:0,(anonymous_12)
FNDA:0,(anonymous_13)
FNDA:0,(anonymous_14)
FNDA:0,(anonymous_15)
FNDA:0,(anonymous_16)
FNDA:0,(anonymous_17)
DA:1,1
DA:6,0
DA:8,0
DA:11,0
DA:12,0
DA:26,0
DA:27,0
DA:28,0
DA:29,0
DA:37,0
DA:46,0
DA:47,0
DA:52,0
DA:53,0
DA:54,0
DA:56,0
DA:57,0
DA:59,0
DA:63,0
DA:68,0
DA:69,0
DA:70,0
DA:78,0
DA:79,0
DA:80,0
DA:82,0
DA:88,0
DA:93,0
DA:94,0
DA:96,0
DA:107,0
DA:108,0
DA:110,0
DA:116,0
DA:121,0
DA:123,0
DA:129,0
DA:130,0
DA:132,0
DA:138,0
DA:139,0
DA:144,1
LF:42
LH:2
BRDA:56,0,0,0
BRDA:56,0,1,0
BRDA:79,1,0,0
BRDA:79,1,1,0
BRDA:107,2,0,0
BRDA:107,2,1,0
BRDA:129,3,0,0
BRDA:129,3,1,0
BRF:8
BRH:0
end_of_record
TN:
SF:controllers\tenantController.js
FN:5,(anonymous_0)
FN:26,(anonymous_1)
FN:37,(anonymous_2)
FN:57,(anonymous_3)
FN:108,(anonymous_4)
FNF:5
FNH:0
FNDA:0,(anonymous_0)
FNDA:0,(anonymous_1)
FNDA:0,(anonymous_2)
FNDA:0,(anonymous_3)
FNDA:0,(anonymous_4)
DA:1,1
DA:2,1
DA:6,0
DA:7,0
DA:8,0
DA:9,0
DA:10,0
DA:19,0
DA:22,0
DA:27,0
DA:28,0
DA:30,0
DA:33,0
DA:38,0
DA:39,0
DA:40,0
DA:46,0
DA:47,0
DA:49,0
DA:52,0
DA:58,0
DA:59,0
DA:60,0
DA:67,0
DA:68,0
DA:69,0
DA:70,0
DA:72,0
DA:73,0
DA:74,0
DA:76,0
DA:80,0
DA:109,0
DA:110,0
DA:111,0
DA:112,0
DA:113,0
DA:115,0
DA:116,0
DA:117,0
DA:119,0
DA:125,0
DA:131,1
LF:43
LH:3
BRDA:46,0,0,0
BRDA:46,0,1,0
BRDA:69,1,0,0
BRDA:69,1,1,0
BRDA:73,2,0,0
BRDA:73,2,1,0
BRDA:112,3,0,0
BRDA:112,3,1,0
BRDA:116,4,0,0
BRDA:116,4,1,0
BRF:10
BRH:0
end_of_record
TN:
SF:controllers\userController.js
FN:6,(anonymous_0)
FN:26,(anonymous_1)
FNF:2
FNH:0
FNDA:0,(anonymous_0)
FNDA:0,(anonymous_1)
DA:1,1
DA:2,1
DA:3,1
DA:7,0
DA:8,0
DA:9,0
DA:10,0
DA:15,0
DA:22,0
DA:27,0
DA:28,0
DA:29,0
DA:35,0
DA:36,0
DA:38,0
DA:39,0
DA:40,0
DA:42,0
DA:46,0
DA:47,0
DA:52,0
DA:59,1
LF:22
LH:4
BRDA:35,0,0,0
BRDA:35,0,1,0
BRDA:39,1,0,0
BRDA:39,1,1,0
BRF:4
BRH:0
end_of_record
TN:
SF:helpers\bcrypt.js
FN:4,hashPassword
FN:10,checkPassword
FNF:2
FNH:1
FNDA:1,hashPassword
FNDA:0,checkPassword
DA:1,1
DA:2,1
DA:5,1
DA:6,1
DA:7,1
DA:11,0
DA:14,1
LF:7
LH:6
BRF:0
BRH:0
end_of_record
TN:
SF:helpers\jwt.js
FN:4,generateToken
FN:12,verifyToken
FNF:2
FNH:2
FNDA:1,generateToken
FNDA:9,verifyToken
DA:1,1
DA:2,1
DA:6,1
DA:7,1
DA:9,1
DA:13,9
DA:16,1
LF:7
LH:7
BRF:0
BRH:0
end_of_record
TN:
SF:middlewares\auth.js
FN:4,authentication
FN:39,authorization
FNF:2
FNH:1
FNDA:10,authentication
FNDA:0,authorization
DA:1,1
DA:2,1
DA:5,10
DA:7,10
DA:8,10
DA:9,9
DA:10,7
DA:18,7
DA:19,7
DA:20,7
DA:26,7
DA:28,0
DA:31,1
DA:35,2
DA:40,0
DA:41,0
DA:42,0
DA:43,0
DA:44,0
DA:45,0
DA:47,0
DA:50,0
DA:53,0
DA:57,1
LF:24
LH:14
BRDA:8,0,0,9
BRDA:8,0,1,1
BRDA:18,1,0,7
BRDA:18,1,1,0
BRDA:43,2,0,0
BRDA:43,2,1,0
BRDA:44,3,0,0
BRDA:44,3,1,0
BRF:8
BRH:3
end_of_record
TN:
SF:middlewares\errorHandler.js
FN:1,errorHandler
FN:7,(anonymous_1)
FNF:2
FNH:2
FNDA:6,errorHandler
FNDA:6,(anonymous_1)
DA:2,6
DA:3,6
DA:4,6
DA:6,2
DA:7,2
DA:8,6
DA:11,2
DA:12,2
DA:15,0
DA:16,0
DA:18,1
DA:19,1
DA:21,0
DA:22,0
DA:24,0
DA:25,0
DA:27,0
DA:28,0
DA:31,3
DA:35,1
LF:20
LH:12
BRDA:4,0,0,2
BRDA:4,0,1,0
BRDA:4,0,2,1
BRDA:4,0,3,0
BRDA:4,0,4,0
BRDA:4,0,5,0
BRDA:4,0,6,3
BRDA:31,1,0,3
BRDA:31,1,1,0
BRF:9
BRH:4
end_of_record
TN:
SF:models\expense.js
FN:5,(anonymous_0)
FN:12,(anonymous_1)
FNF:2
FNH:2
FNDA:1,(anonymous_0)
FNDA:1,(anonymous_1)
DA:4,1
DA:5,1
DA:14,1
DA:17,1
DA:55,1
LF:5
LH:5
BRF:0
BRH:0
end_of_record
TN:
SF:models\index.js
FN:20,(anonymous_0)
FN:23,(anonymous_1)
FN:28,(anonymous_2)
FNF:3
FNH:3
FNDA:8,(anonymous_0)
FNDA:7,(anonymous_1)
FNDA:7,(anonymous_2)
DA:3,1
DA:4,1
DA:5,1
DA:6,1
DA:7,1
DA:8,1
DA:9,1
DA:12,1
DA:13,0
DA:15,1
DA:18,1
DA:21,8
DA:24,7
DA:25,7
DA:28,1
DA:29,7
DA:30,7
DA:34,1
DA:35,1
DA:37,1
LF:20
LH:19
BRDA:7,0,0,1
BRDA:7,0,1,0
BRDA:12,1,0,0
BRDA:12,1,1,1
BRDA:21,2,0,8
BRDA:21,2,1,8
BRDA:21,2,2,7
BRDA:29,3,0,7
BRDA:29,3,1,0
BRF:9
BRH:6
end_of_record
TN:
SF:models\payment.js
FN:5,(anonymous_0)
FN:12,(anonymous_1)
FNF:2
FNH:2
FNDA:1,(anonymous_0)
FNDA:1,(anonymous_1)
DA:4,1
DA:5,1
DA:14,1
DA:15,1
DA:18,1
DA:67,1
LF:6
LH:6
BRF:0
BRH:0
end_of_record
TN:
SF:models\property.js
FN:5,(anonymous_0)
FN:12,(anonymous_1)
FNF:2
FNH:2
FNDA:1,(anonymous_0)
FNDA:1,(anonymous_1)
DA:4,1
DA:5,1
DA:14,1
DA:15,1
DA:16,1
DA:17,1
DA:20,1
DA:58,1
LF:8
LH:8
BRF:0
BRH:0
end_of_record
TN:
SF:models\revenue.js
FN:5,(anonymous_0)
FN:12,(anonymous_1)
FNF:2
FNH:2
FNDA:1,(anonymous_0)
FNDA:1,(anonymous_1)
DA:4,1
DA:5,1
DA:14,1
DA:17,1
DA:47,1
LF:5
LH:5
BRF:0
BRH:0
end_of_record
TN:
SF:models\room.js
FN:5,(anonymous_0)
FN:12,(anonymous_1)
FNF:2
FNH:2
FNDA:1,(anonymous_0)
FNDA:1,(anonymous_1)
DA:4,1
DA:5,1
DA:14,1
DA:15,1
DA:18,1
DA:56,1
LF:6
LH:6
BRF:0
BRH:0
end_of_record
TN:
SF:models\tenant.js
FN:5,(anonymous_0)
FN:12,(anonymous_1)
FNF:2
FNH:2
FNDA:1,(anonymous_0)
FNDA:1,(anonymous_1)
DA:4,1
DA:5,1
DA:14,1
DA:17,1
DA:65,1
LF:5
LH:5
BRF:0
BRH:0
end_of_record
TN:
SF:models\user.js
FN:6,(anonymous_0)
FN:13,(anonymous_1)
FN:54,(anonymous_2)
FNF:3
FNH:2
FNDA:1,(anonymous_0)
FNDA:1,(anonymous_1)
FNDA:0,(anonymous_2)
DA:4,1
DA:5,1
DA:6,1
DA:15,1
DA:18,1
DA:55,0
DA:56,0
DA:60,1
LF:8
LH:6
BRF:0
BRH:0
end_of_record
TN:
SF:routes\expense.js
FNF:0
FNH:0
DA:1,1
DA:2,1
DA:3,1
DA:6,1
LF:4
LH:4
BRF:0
BRH:0
end_of_record
TN:
SF:routes\index.js
FNF:0
FNH:0
DA:1,1
DA:2,1
DA:3,1
DA:5,1
DA:6,1
DA:7,1
DA:8,1
DA:9,1
DA:10,1
DA:14,1
DA:17,1
DA:18,1
DA:19,1
DA:20,1
DA:21,1
DA:22,1
DA:23,1
DA:25,1
LF:18
LH:18
BRF:0
BRH:0
end_of_record
TN:
SF:routes\payment.js
FNF:0
FNH:0
DA:1,1
DA:2,1
DA:3,1
DA:5,1
DA:6,1
DA:7,1
DA:8,1
DA:12,1
LF:8
LH:8
BRF:0
BRH:0
end_of_record
TN:
SF:routes\property.js
FNF:0
FNH:0
DA:1,1
DA:2,1
DA:4,1
DA:5,1
DA:6,1
DA:7,1
DA:9,1
LF:7
LH:7
BRF:0
BRH:0
end_of_record
TN:
SF:routes\revenue.js
FNF:0
FNH:0
DA:1,1
DA:2,1
DA:3,1
DA:5,1
DA:6,1
DA:7,1
DA:8,1
DA:10,1
LF:8
LH:8
BRF:0
BRH:0
end_of_record
TN:
SF:routes\room.js
FNF:0
FNH:0
DA:1,1
DA:2,1
DA:3,1
DA:5,1
DA:8,1
DA:9,1
DA:10,1
DA:11,1
DA:12,1
DA:15,1
LF:10
LH:10
BRF:0
BRH:0
end_of_record
TN:
SF:routes\tenant.js
FNF:0
FNH:0
DA:1,1
DA:2,1
DA:4,1
DA:6,1
DA:8,1
DA:10,1
DA:12,1
DA:14,1
LF:8
LH:8
BRF:0
BRH:0
end_of_record
TN:
SF:routes\user.js
FNF:0
FNH:0
DA:1,1
DA:2,1
DA:5,1
DA:6,1
DA:8,1
LF:5
LH:5
BRF:0
BRH:0
end_of_record
